{"/Volumes/satechi/webdev/icjia-metapeek/app/composables/useDiagnostics.ts": {"path":"/Volumes/satechi/webdev/icjia-metapeek/app/composables/useDiagnostics.ts","all":false,"statementMap":{"3":{"start":{"line":4,"column":0},"end":{"line":4,"column":42}},"11":{"start":{"line":12,"column":0},"end":{"line":12,"column":37}},"12":{"start":{"line":13,"column":0},"end":{"line":13,"column":101}},"14":{"start":{"line":15,"column":0},"end":{"line":15,"column":40}},"17":{"start":{"line":18,"column":0},"end":{"line":18,"column":58}},"20":{"start":{"line":21,"column":0},"end":{"line":21,"column":39}},"23":{"start":{"line":24,"column":0},"end":{"line":24,"column":62}},"26":{"start":{"line":27,"column":0},"end":{"line":27,"column":63}},"29":{"start":{"line":30,"column":0},"end":{"line":30,"column":65}},"32":{"start":{"line":33,"column":0},"end":{"line":33,"column":43}},"35":{"start":{"line":36,"column":0},"end":{"line":36,"column":44}},"36":{"start":{"line":37,"column":0},"end":{"line":37,"column":73}},"37":{"start":{"line":38,"column":0},"end":{"line":38,"column":6}},"39":{"start":{"line":40,"column":0},"end":{"line":40,"column":12}},"40":{"start":{"line":41,"column":0},"end":{"line":41,"column":14}},"41":{"start":{"line":42,"column":0},"end":{"line":42,"column":12}},"42":{"start":{"line":43,"column":0},"end":{"line":43,"column":18}},"43":{"start":{"line":44,"column":0},"end":{"line":44,"column":13}},"44":{"start":{"line":45,"column":0},"end":{"line":45,"column":14}},"45":{"start":{"line":46,"column":0},"end":{"line":46,"column":18}},"46":{"start":{"line":47,"column":0},"end":{"line":47,"column":16}},"47":{"start":{"line":48,"column":0},"end":{"line":48,"column":12}},"48":{"start":{"line":49,"column":0},"end":{"line":49,"column":5}},"49":{"start":{"line":50,"column":0},"end":{"line":50,"column":3}},"51":{"start":{"line":52,"column":0},"end":{"line":52,"column":60}},"52":{"start":{"line":53,"column":0},"end":{"line":53,"column":17}},"53":{"start":{"line":54,"column":0},"end":{"line":54,"column":14}},"54":{"start":{"line":55,"column":0},"end":{"line":55,"column":22}},"55":{"start":{"line":56,"column":0},"end":{"line":56,"column":22}},"56":{"start":{"line":57,"column":0},"end":{"line":57,"column":37}},"57":{"start":{"line":58,"column":0},"end":{"line":58,"column":69}},"58":{"start":{"line":59,"column":0},"end":{"line":59,"column":7}},"59":{"start":{"line":60,"column":0},"end":{"line":60,"column":5}},"61":{"start":{"line":62,"column":0},"end":{"line":62,"column":45}},"62":{"start":{"line":63,"column":0},"end":{"line":63,"column":14}},"63":{"start":{"line":64,"column":0},"end":{"line":64,"column":25}},"64":{"start":{"line":65,"column":0},"end":{"line":65,"column":24}},"65":{"start":{"line":66,"column":0},"end":{"line":66,"column":85}},"66":{"start":{"line":67,"column":0},"end":{"line":67,"column":92}},"67":{"start":{"line":68,"column":0},"end":{"line":68,"column":7}},"68":{"start":{"line":69,"column":0},"end":{"line":69,"column":5}},"70":{"start":{"line":71,"column":0},"end":{"line":71,"column":12}},"71":{"start":{"line":72,"column":0},"end":{"line":72,"column":22}},"72":{"start":{"line":73,"column":0},"end":{"line":73,"column":20}},"73":{"start":{"line":74,"column":0},"end":{"line":74,"column":53}},"74":{"start":{"line":75,"column":0},"end":{"line":75,"column":5}},"75":{"start":{"line":76,"column":0},"end":{"line":76,"column":3}},"77":{"start":{"line":78,"column":0},"end":{"line":78,"column":72}},"78":{"start":{"line":79,"column":0},"end":{"line":79,"column":23}},"79":{"start":{"line":80,"column":0},"end":{"line":80,"column":14}},"80":{"start":{"line":81,"column":0},"end":{"line":81,"column":22}},"81":{"start":{"line":82,"column":0},"end":{"line":82,"column":22}},"82":{"start":{"line":83,"column":0},"end":{"line":83,"column":44}},"83":{"start":{"line":84,"column":0},"end":{"line":84,"column":65}},"84":{"start":{"line":85,"column":0},"end":{"line":85,"column":7}},"85":{"start":{"line":86,"column":0},"end":{"line":86,"column":5}},"87":{"start":{"line":88,"column":0},"end":{"line":88,"column":57}},"88":{"start":{"line":89,"column":0},"end":{"line":89,"column":14}},"89":{"start":{"line":90,"column":0},"end":{"line":90,"column":25}},"90":{"start":{"line":91,"column":0},"end":{"line":91,"column":24}},"91":{"start":{"line":92,"column":0},"end":{"line":92,"column":103}},"92":{"start":{"line":93,"column":0},"end":{"line":93,"column":81}},"93":{"start":{"line":94,"column":0},"end":{"line":94,"column":7}},"94":{"start":{"line":95,"column":0},"end":{"line":95,"column":5}},"96":{"start":{"line":97,"column":0},"end":{"line":97,"column":34}},"97":{"start":{"line":98,"column":0},"end":{"line":98,"column":14}},"98":{"start":{"line":99,"column":0},"end":{"line":99,"column":25}},"99":{"start":{"line":100,"column":0},"end":{"line":100,"column":24}},"100":{"start":{"line":101,"column":0},"end":{"line":101,"column":45}},"101":{"start":{"line":102,"column":0},"end":{"line":102,"column":78}},"102":{"start":{"line":103,"column":0},"end":{"line":103,"column":7}},"103":{"start":{"line":104,"column":0},"end":{"line":104,"column":5}},"105":{"start":{"line":106,"column":0},"end":{"line":106,"column":12}},"106":{"start":{"line":107,"column":0},"end":{"line":107,"column":22}},"107":{"start":{"line":108,"column":0},"end":{"line":108,"column":20}},"108":{"start":{"line":109,"column":0},"end":{"line":109,"column":60}},"109":{"start":{"line":110,"column":0},"end":{"line":110,"column":5}},"110":{"start":{"line":111,"column":0},"end":{"line":111,"column":3}},"112":{"start":{"line":113,"column":0},"end":{"line":113,"column":65}},"113":{"start":{"line":114,"column":0},"end":{"line":114,"column":22}},"114":{"start":{"line":115,"column":0},"end":{"line":115,"column":43}},"115":{"start":{"line":116,"column":0},"end":{"line":116,"column":55}},"116":{"start":{"line":117,"column":0},"end":{"line":117,"column":43}},"119":{"start":{"line":120,"column":0},"end":{"line":120,"column":30}},"120":{"start":{"line":121,"column":0},"end":{"line":121,"column":14}},"121":{"start":{"line":122,"column":0},"end":{"line":122,"column":22}},"122":{"start":{"line":123,"column":0},"end":{"line":123,"column":22}},"123":{"start":{"line":124,"column":0},"end":{"line":124,"column":50}},"124":{"start":{"line":125,"column":0},"end":{"line":125,"column":81}},"125":{"start":{"line":126,"column":0},"end":{"line":126,"column":7}},"126":{"start":{"line":127,"column":0},"end":{"line":127,"column":5}},"129":{"start":{"line":130,"column":0},"end":{"line":130,"column":31}},"130":{"start":{"line":131,"column":0},"end":{"line":131,"column":14}},"131":{"start":{"line":132,"column":0},"end":{"line":132,"column":25}},"132":{"start":{"line":133,"column":0},"end":{"line":133,"column":24}},"133":{"start":{"line":134,"column":0},"end":{"line":134,"column":50}},"134":{"start":{"line":135,"column":0},"end":{"line":135,"column":83}},"135":{"start":{"line":136,"column":0},"end":{"line":136,"column":7}},"136":{"start":{"line":137,"column":0},"end":{"line":137,"column":5}},"138":{"start":{"line":139,"column":0},"end":{"line":139,"column":12}},"139":{"start":{"line":140,"column":0},"end":{"line":140,"column":22}},"140":{"start":{"line":141,"column":0},"end":{"line":141,"column":20}},"141":{"start":{"line":142,"column":0},"end":{"line":142,"column":53}},"142":{"start":{"line":143,"column":0},"end":{"line":143,"column":5}},"143":{"start":{"line":144,"column":0},"end":{"line":144,"column":3}},"145":{"start":{"line":146,"column":0},"end":{"line":146,"column":99}},"146":{"start":{"line":147,"column":0},"end":{"line":147,"column":17}},"147":{"start":{"line":148,"column":0},"end":{"line":148,"column":14}},"148":{"start":{"line":149,"column":0},"end":{"line":149,"column":22}},"149":{"start":{"line":150,"column":0},"end":{"line":150,"column":22}},"150":{"start":{"line":151,"column":0},"end":{"line":151,"column":36}},"151":{"start":{"line":152,"column":0},"end":{"line":152,"column":79}},"152":{"start":{"line":153,"column":0},"end":{"line":153,"column":7}},"153":{"start":{"line":154,"column":0},"end":{"line":154,"column":5}},"156":{"start":{"line":157,"column":0},"end":{"line":157,"column":72}},"157":{"start":{"line":158,"column":0},"end":{"line":158,"column":14}},"158":{"start":{"line":159,"column":0},"end":{"line":159,"column":25}},"159":{"start":{"line":160,"column":0},"end":{"line":160,"column":24}},"160":{"start":{"line":161,"column":0},"end":{"line":161,"column":47}},"161":{"start":{"line":162,"column":0},"end":{"line":162,"column":68}},"162":{"start":{"line":163,"column":0},"end":{"line":163,"column":7}},"163":{"start":{"line":164,"column":0},"end":{"line":164,"column":5}},"166":{"start":{"line":167,"column":0},"end":{"line":167,"column":55}},"167":{"start":{"line":168,"column":0},"end":{"line":168,"column":53}},"168":{"start":{"line":169,"column":0},"end":{"line":169,"column":16}},"169":{"start":{"line":170,"column":0},"end":{"line":170,"column":24}},"170":{"start":{"line":171,"column":0},"end":{"line":171,"column":24}},"171":{"start":{"line":172,"column":0},"end":{"line":172,"column":88}},"172":{"start":{"line":173,"column":0},"end":{"line":173,"column":133}},"173":{"start":{"line":174,"column":0},"end":{"line":174,"column":9}},"174":{"start":{"line":175,"column":0},"end":{"line":175,"column":7}},"176":{"start":{"line":177,"column":0},"end":{"line":177,"column":57}},"177":{"start":{"line":178,"column":0},"end":{"line":178,"column":16}},"178":{"start":{"line":179,"column":0},"end":{"line":179,"column":27}},"179":{"start":{"line":180,"column":0},"end":{"line":180,"column":26}},"180":{"start":{"line":181,"column":0},"end":{"line":181,"column":113}},"181":{"start":{"line":182,"column":0},"end":{"line":182,"column":118}},"182":{"start":{"line":183,"column":0},"end":{"line":183,"column":9}},"183":{"start":{"line":184,"column":0},"end":{"line":184,"column":7}},"186":{"start":{"line":187,"column":0},"end":{"line":187,"column":14}},"187":{"start":{"line":188,"column":0},"end":{"line":188,"column":24}},"188":{"start":{"line":189,"column":0},"end":{"line":189,"column":22}},"189":{"start":{"line":190,"column":0},"end":{"line":190,"column":94}},"190":{"start":{"line":191,"column":0},"end":{"line":191,"column":7}},"191":{"start":{"line":192,"column":0},"end":{"line":192,"column":5}},"194":{"start":{"line":195,"column":0},"end":{"line":195,"column":12}},"195":{"start":{"line":196,"column":0},"end":{"line":196,"column":22}},"196":{"start":{"line":197,"column":0},"end":{"line":197,"column":20}},"197":{"start":{"line":198,"column":0},"end":{"line":198,"column":51}},"198":{"start":{"line":199,"column":0},"end":{"line":199,"column":5}},"199":{"start":{"line":200,"column":0},"end":{"line":200,"column":3}},"201":{"start":{"line":202,"column":0},"end":{"line":202,"column":100}},"202":{"start":{"line":203,"column":0},"end":{"line":203,"column":56}},"204":{"start":{"line":205,"column":0},"end":{"line":205,"column":33}},"205":{"start":{"line":206,"column":0},"end":{"line":206,"column":14}},"206":{"start":{"line":207,"column":0},"end":{"line":207,"column":22}},"207":{"start":{"line":208,"column":0},"end":{"line":208,"column":22}},"208":{"start":{"line":209,"column":0},"end":{"line":209,"column":40}},"209":{"start":{"line":210,"column":0},"end":{"line":210,"column":105}},"210":{"start":{"line":211,"column":0},"end":{"line":211,"column":7}},"211":{"start":{"line":212,"column":0},"end":{"line":212,"column":5}},"213":{"start":{"line":214,"column":0},"end":{"line":214,"column":23}},"214":{"start":{"line":215,"column":0},"end":{"line":215,"column":14}},"215":{"start":{"line":216,"column":0},"end":{"line":216,"column":24}},"216":{"start":{"line":217,"column":0},"end":{"line":217,"column":22}},"217":{"start":{"line":218,"column":0},"end":{"line":218,"column":42}},"218":{"start":{"line":219,"column":0},"end":{"line":219,"column":7}},"219":{"start":{"line":220,"column":0},"end":{"line":220,"column":5}},"221":{"start":{"line":222,"column":0},"end":{"line":222,"column":12}},"222":{"start":{"line":223,"column":0},"end":{"line":223,"column":22}},"223":{"start":{"line":224,"column":0},"end":{"line":224,"column":20}},"224":{"start":{"line":225,"column":0},"end":{"line":225,"column":74}},"225":{"start":{"line":226,"column":0},"end":{"line":226,"column":5}},"226":{"start":{"line":227,"column":0},"end":{"line":227,"column":3}},"228":{"start":{"line":229,"column":0},"end":{"line":229,"column":84}},"229":{"start":{"line":230,"column":0},"end":{"line":230,"column":21}},"230":{"start":{"line":231,"column":0},"end":{"line":231,"column":14}},"231":{"start":{"line":232,"column":0},"end":{"line":232,"column":22}},"232":{"start":{"line":233,"column":0},"end":{"line":233,"column":22}},"233":{"start":{"line":234,"column":0},"end":{"line":234,"column":41}},"234":{"start":{"line":235,"column":0},"end":{"line":235,"column":95}},"235":{"start":{"line":236,"column":0},"end":{"line":236,"column":7}},"236":{"start":{"line":237,"column":0},"end":{"line":237,"column":5}},"239":{"start":{"line":240,"column":0},"end":{"line":240,"column":16}},"240":{"start":{"line":241,"column":0},"end":{"line":241,"column":62}},"241":{"start":{"line":242,"column":0},"end":{"line":242,"column":54}},"244":{"start":{"line":245,"column":0},"end":{"line":245,"column":75}},"245":{"start":{"line":246,"column":0},"end":{"line":246,"column":57}},"246":{"start":{"line":247,"column":0},"end":{"line":247,"column":49}},"248":{"start":{"line":249,"column":0},"end":{"line":249,"column":16}},"249":{"start":{"line":250,"column":0},"end":{"line":250,"column":27}},"250":{"start":{"line":251,"column":0},"end":{"line":251,"column":26}},"251":{"start":{"line":252,"column":0},"end":{"line":252,"column":62}},"252":{"start":{"line":253,"column":0},"end":{"line":253,"column":615}},"253":{"start":{"line":254,"column":0},"end":{"line":254,"column":9}},"254":{"start":{"line":255,"column":0},"end":{"line":255,"column":7}},"255":{"start":{"line":256,"column":0},"end":{"line":256,"column":5}},"257":{"start":{"line":258,"column":0},"end":{"line":258,"column":12}},"258":{"start":{"line":259,"column":0},"end":{"line":259,"column":22}},"259":{"start":{"line":260,"column":0},"end":{"line":260,"column":20}},"260":{"start":{"line":261,"column":0},"end":{"line":261,"column":38}},"261":{"start":{"line":262,"column":0},"end":{"line":262,"column":5}},"262":{"start":{"line":263,"column":0},"end":{"line":263,"column":3}},"264":{"start":{"line":265,"column":0},"end":{"line":265,"column":62}},"265":{"start":{"line":266,"column":0},"end":{"line":266,"column":18}},"266":{"start":{"line":267,"column":0},"end":{"line":267,"column":14}},"267":{"start":{"line":268,"column":0},"end":{"line":268,"column":24}},"268":{"start":{"line":269,"column":0},"end":{"line":269,"column":22}},"269":{"start":{"line":270,"column":0},"end":{"line":270,"column":64}},"270":{"start":{"line":271,"column":0},"end":{"line":271,"column":7}},"271":{"start":{"line":272,"column":0},"end":{"line":272,"column":5}},"273":{"start":{"line":274,"column":0},"end":{"line":274,"column":37}},"274":{"start":{"line":275,"column":0},"end":{"line":275,"column":14}},"275":{"start":{"line":276,"column":0},"end":{"line":276,"column":25}},"276":{"start":{"line":277,"column":0},"end":{"line":277,"column":24}},"277":{"start":{"line":278,"column":0},"end":{"line":278,"column":42}},"278":{"start":{"line":279,"column":0},"end":{"line":279,"column":107}},"279":{"start":{"line":280,"column":0},"end":{"line":280,"column":7}},"280":{"start":{"line":281,"column":0},"end":{"line":281,"column":5}},"282":{"start":{"line":283,"column":0},"end":{"line":283,"column":12}},"283":{"start":{"line":284,"column":0},"end":{"line":284,"column":22}},"284":{"start":{"line":285,"column":0},"end":{"line":285,"column":20}},"285":{"start":{"line":286,"column":0},"end":{"line":286,"column":40}},"286":{"start":{"line":287,"column":0},"end":{"line":287,"column":5}},"287":{"start":{"line":288,"column":0},"end":{"line":288,"column":3}},"289":{"start":{"line":290,"column":0},"end":{"line":290,"column":85}},"290":{"start":{"line":291,"column":0},"end":{"line":291,"column":56}},"291":{"start":{"line":292,"column":0},"end":{"line":292,"column":62}},"293":{"start":{"line":294,"column":0},"end":{"line":294,"column":17}},"294":{"start":{"line":295,"column":0},"end":{"line":295,"column":14}},"295":{"start":{"line":296,"column":0},"end":{"line":296,"column":22}},"296":{"start":{"line":297,"column":0},"end":{"line":297,"column":22}},"297":{"start":{"line":298,"column":0},"end":{"line":298,"column":41}},"298":{"start":{"line":299,"column":0},"end":{"line":299,"column":68}},"299":{"start":{"line":300,"column":0},"end":{"line":300,"column":7}},"300":{"start":{"line":301,"column":0},"end":{"line":301,"column":5}},"302":{"start":{"line":303,"column":0},"end":{"line":303,"column":20}},"303":{"start":{"line":304,"column":0},"end":{"line":304,"column":14}},"304":{"start":{"line":305,"column":0},"end":{"line":305,"column":25}},"305":{"start":{"line":306,"column":0},"end":{"line":306,"column":24}},"306":{"start":{"line":307,"column":0},"end":{"line":307,"column":49}},"307":{"start":{"line":308,"column":0},"end":{"line":308,"column":70}},"308":{"start":{"line":309,"column":0},"end":{"line":309,"column":7}},"309":{"start":{"line":310,"column":0},"end":{"line":310,"column":5}},"311":{"start":{"line":312,"column":0},"end":{"line":312,"column":12}},"312":{"start":{"line":313,"column":0},"end":{"line":313,"column":22}},"313":{"start":{"line":314,"column":0},"end":{"line":314,"column":20}},"314":{"start":{"line":315,"column":0},"end":{"line":315,"column":34}},"315":{"start":{"line":316,"column":0},"end":{"line":316,"column":5}},"316":{"start":{"line":317,"column":0},"end":{"line":317,"column":3}},"318":{"start":{"line":319,"column":0},"end":{"line":319,"column":10}},"319":{"start":{"line":320,"column":0},"end":{"line":320,"column":23}},"320":{"start":{"line":321,"column":0},"end":{"line":321,"column":3}},"321":{"start":{"line":322,"column":0},"end":{"line":322,"column":1}}},"s":{"3":1,"11":1,"12":1,"14":24,"17":24,"20":24,"23":24,"26":24,"29":24,"32":24,"35":24,"36":24,"37":24,"39":24,"40":24,"41":24,"42":24,"43":24,"44":24,"45":24,"46":24,"47":24,"48":24,"49":24,"51":1,"52":24,"53":20,"54":20,"55":20,"56":20,"57":20,"58":20,"59":20,"61":24,"62":1,"63":1,"64":1,"65":1,"66":1,"67":1,"68":1,"70":3,"71":3,"72":3,"73":3,"74":3,"75":24,"77":1,"78":24,"79":19,"80":19,"81":19,"82":19,"83":19,"84":19,"85":19,"87":24,"88":1,"89":1,"90":1,"91":1,"92":1,"93":1,"94":1,"96":24,"97":1,"98":1,"99":1,"100":1,"101":1,"102":1,"103":1,"105":3,"106":3,"107":3,"108":3,"109":3,"110":24,"112":1,"113":24,"114":24,"115":24,"116":24,"119":24,"120":17,"121":17,"122":17,"123":17,"124":17,"125":17,"126":17,"129":24,"130":1,"131":1,"132":1,"133":1,"134":1,"135":1,"136":1,"138":6,"139":6,"140":6,"141":6,"142":6,"143":24,"145":1,"146":24,"147":18,"148":18,"149":18,"150":18,"151":18,"152":18,"153":18,"156":24,"157":2,"158":2,"159":2,"160":2,"161":2,"162":2,"163":2,"166":24,"167":0,"168":0,"169":0,"170":0,"171":0,"172":0,"173":0,"174":0,"176":0,"177":0,"178":0,"179":0,"180":0,"181":0,"182":0,"183":0,"186":0,"187":0,"188":0,"189":0,"190":0,"191":0,"194":4,"195":4,"196":4,"197":4,"198":4,"199":24,"201":1,"202":24,"204":24,"205":6,"206":6,"207":6,"208":6,"209":6,"210":6,"211":6,"213":24,"214":3,"215":3,"216":3,"217":3,"218":3,"219":3,"221":15,"222":15,"223":15,"224":15,"225":15,"226":24,"228":1,"229":24,"230":21,"231":21,"232":21,"233":21,"234":21,"235":21,"236":21,"239":24,"240":2,"241":2,"244":2,"245":0,"246":0,"248":0,"249":0,"250":0,"251":0,"252":0,"253":0,"254":0,"255":2,"257":3,"258":3,"259":3,"260":3,"261":3,"262":24,"264":1,"265":24,"266":22,"267":22,"268":22,"269":22,"270":22,"271":22,"273":24,"274":1,"275":1,"276":1,"277":1,"278":1,"279":1,"280":1,"282":1,"283":1,"284":1,"285":1,"286":1,"287":24,"289":1,"290":24,"291":24,"293":24,"294":22,"295":22,"296":22,"297":22,"298":22,"299":22,"300":22,"302":24,"303":1,"304":1,"305":1,"306":1,"307":1,"308":1,"309":1,"311":1,"312":1,"313":1,"314":1,"315":1,"316":24,"318":1,"319":1,"320":1,"321":1},"branchMap":{"0":{"type":"branch","line":12,"loc":{"start":{"line":12,"column":30},"end":{"line":322,"column":1}},"locations":[{"start":{"line":12,"column":30},"end":{"line":322,"column":1}}]},"1":{"type":"branch","line":13,"loc":{"start":{"line":13,"column":30},"end":{"line":50,"column":3}},"locations":[{"start":{"line":13,"column":30},"end":{"line":50,"column":3}}]},"2":{"type":"branch","line":52,"loc":{"start":{"line":52,"column":21},"end":{"line":76,"column":3}},"locations":[{"start":{"line":52,"column":21},"end":{"line":76,"column":3}}]},"3":{"type":"branch","line":53,"loc":{"start":{"line":53,"column":16},"end":{"line":60,"column":5}},"locations":[{"start":{"line":53,"column":16},"end":{"line":60,"column":5}}]},"4":{"type":"branch","line":60,"loc":{"start":{"line":60,"column":4},"end":{"line":62,"column":44}},"locations":[{"start":{"line":60,"column":4},"end":{"line":62,"column":44}}]},"5":{"type":"branch","line":62,"loc":{"start":{"line":62,"column":44},"end":{"line":69,"column":5}},"locations":[{"start":{"line":62,"column":44},"end":{"line":69,"column":5}}]},"6":{"type":"branch","line":69,"loc":{"start":{"line":69,"column":4},"end":{"line":75,"column":5}},"locations":[{"start":{"line":69,"column":4},"end":{"line":75,"column":5}}]},"7":{"type":"branch","line":78,"loc":{"start":{"line":78,"column":27},"end":{"line":111,"column":3}},"locations":[{"start":{"line":78,"column":27},"end":{"line":111,"column":3}}]},"8":{"type":"branch","line":79,"loc":{"start":{"line":79,"column":22},"end":{"line":86,"column":5}},"locations":[{"start":{"line":79,"column":22},"end":{"line":86,"column":5}}]},"9":{"type":"branch","line":86,"loc":{"start":{"line":86,"column":4},"end":{"line":88,"column":56}},"locations":[{"start":{"line":86,"column":4},"end":{"line":88,"column":56}}]},"10":{"type":"branch","line":88,"loc":{"start":{"line":88,"column":56},"end":{"line":95,"column":5}},"locations":[{"start":{"line":88,"column":56},"end":{"line":95,"column":5}}]},"11":{"type":"branch","line":95,"loc":{"start":{"line":95,"column":4},"end":{"line":97,"column":33}},"locations":[{"start":{"line":95,"column":4},"end":{"line":97,"column":33}}]},"12":{"type":"branch","line":97,"loc":{"start":{"line":97,"column":33},"end":{"line":104,"column":5}},"locations":[{"start":{"line":97,"column":33},"end":{"line":104,"column":5}}]},"13":{"type":"branch","line":104,"loc":{"start":{"line":104,"column":4},"end":{"line":110,"column":5}},"locations":[{"start":{"line":104,"column":4},"end":{"line":110,"column":5}}]},"14":{"type":"branch","line":113,"loc":{"start":{"line":113,"column":22},"end":{"line":144,"column":3}},"locations":[{"start":{"line":113,"column":22},"end":{"line":144,"column":3}}]},"15":{"type":"branch","line":115,"loc":{"start":{"line":115,"column":19},"end":{"line":115,"column":43}},"locations":[{"start":{"line":115,"column":19},"end":{"line":115,"column":43}}]},"16":{"type":"branch","line":116,"loc":{"start":{"line":116,"column":25},"end":{"line":116,"column":55}},"locations":[{"start":{"line":116,"column":25},"end":{"line":116,"column":55}}]},"17":{"type":"branch","line":117,"loc":{"start":{"line":117,"column":19},"end":{"line":117,"column":43}},"locations":[{"start":{"line":117,"column":19},"end":{"line":117,"column":43}}]},"18":{"type":"branch","line":120,"loc":{"start":{"line":120,"column":29},"end":{"line":127,"column":5}},"locations":[{"start":{"line":120,"column":29},"end":{"line":127,"column":5}}]},"19":{"type":"branch","line":127,"loc":{"start":{"line":127,"column":4},"end":{"line":130,"column":30}},"locations":[{"start":{"line":127,"column":4},"end":{"line":130,"column":30}}]},"20":{"type":"branch","line":130,"loc":{"start":{"line":130,"column":30},"end":{"line":137,"column":5}},"locations":[{"start":{"line":130,"column":30},"end":{"line":137,"column":5}}]},"21":{"type":"branch","line":137,"loc":{"start":{"line":137,"column":4},"end":{"line":143,"column":5}},"locations":[{"start":{"line":137,"column":4},"end":{"line":143,"column":5}}]},"22":{"type":"branch","line":146,"loc":{"start":{"line":146,"column":23},"end":{"line":200,"column":3}},"locations":[{"start":{"line":146,"column":23},"end":{"line":200,"column":3}}]},"23":{"type":"branch","line":147,"loc":{"start":{"line":147,"column":16},"end":{"line":154,"column":5}},"locations":[{"start":{"line":147,"column":16},"end":{"line":154,"column":5}}]},"24":{"type":"branch","line":154,"loc":{"start":{"line":154,"column":4},"end":{"line":157,"column":71}},"locations":[{"start":{"line":154,"column":4},"end":{"line":157,"column":71}}]},"25":{"type":"branch","line":157,"loc":{"start":{"line":157,"column":71},"end":{"line":164,"column":5}},"locations":[{"start":{"line":157,"column":71},"end":{"line":164,"column":5}}]},"26":{"type":"branch","line":164,"loc":{"start":{"line":164,"column":4},"end":{"line":167,"column":25}},"locations":[{"start":{"line":164,"column":4},"end":{"line":167,"column":25}}]},"27":{"type":"branch","line":167,"loc":{"start":{"line":167,"column":8},"end":{"line":167,"column":54}},"locations":[{"start":{"line":167,"column":8},"end":{"line":167,"column":54}}]},"28":{"type":"branch","line":167,"loc":{"start":{"line":167,"column":54},"end":{"line":192,"column":5}},"locations":[{"start":{"line":167,"column":54},"end":{"line":192,"column":5}}]},"29":{"type":"branch","line":192,"loc":{"start":{"line":192,"column":4},"end":{"line":199,"column":5}},"locations":[{"start":{"line":192,"column":4},"end":{"line":199,"column":5}}]},"30":{"type":"branch","line":202,"loc":{"start":{"line":202,"column":27},"end":{"line":227,"column":3}},"locations":[{"start":{"line":202,"column":27},"end":{"line":227,"column":3}}]},"31":{"type":"branch","line":203,"loc":{"start":{"line":203,"column":21},"end":{"line":203,"column":48}},"locations":[{"start":{"line":203,"column":21},"end":{"line":203,"column":48}}]},"32":{"type":"branch","line":203,"loc":{"start":{"line":203,"column":33},"end":{"line":203,"column":56}},"locations":[{"start":{"line":203,"column":33},"end":{"line":203,"column":56}}]},"33":{"type":"branch","line":205,"loc":{"start":{"line":205,"column":17},"end":{"line":205,"column":32}},"locations":[{"start":{"line":205,"column":17},"end":{"line":205,"column":32}}]},"34":{"type":"branch","line":205,"loc":{"start":{"line":205,"column":32},"end":{"line":212,"column":5}},"locations":[{"start":{"line":205,"column":32},"end":{"line":212,"column":5}}]},"35":{"type":"branch","line":212,"loc":{"start":{"line":212,"column":4},"end":{"line":214,"column":22}},"locations":[{"start":{"line":212,"column":4},"end":{"line":214,"column":22}}]},"36":{"type":"branch","line":214,"loc":{"start":{"line":214,"column":22},"end":{"line":220,"column":5}},"locations":[{"start":{"line":214,"column":22},"end":{"line":220,"column":5}}]},"37":{"type":"branch","line":220,"loc":{"start":{"line":220,"column":4},"end":{"line":226,"column":5}},"locations":[{"start":{"line":220,"column":4},"end":{"line":226,"column":5}}]},"38":{"type":"branch","line":229,"loc":{"start":{"line":229,"column":25},"end":{"line":263,"column":3}},"locations":[{"start":{"line":229,"column":25},"end":{"line":263,"column":3}}]},"39":{"type":"branch","line":230,"loc":{"start":{"line":230,"column":20},"end":{"line":237,"column":5}},"locations":[{"start":{"line":230,"column":20},"end":{"line":237,"column":5}}]},"40":{"type":"branch","line":237,"loc":{"start":{"line":237,"column":4},"end":{"line":240,"column":15}},"locations":[{"start":{"line":237,"column":4},"end":{"line":240,"column":15}}]},"41":{"type":"branch","line":240,"loc":{"start":{"line":240,"column":15},"end":{"line":256,"column":5}},"locations":[{"start":{"line":240,"column":15},"end":{"line":256,"column":5}}]},"42":{"type":"branch","line":245,"loc":{"start":{"line":245,"column":74},"end":{"line":255,"column":7}},"locations":[{"start":{"line":245,"column":74},"end":{"line":255,"column":7}}]},"43":{"type":"branch","line":256,"loc":{"start":{"line":256,"column":4},"end":{"line":262,"column":5}},"locations":[{"start":{"line":256,"column":4},"end":{"line":262,"column":5}}]},"44":{"type":"branch","line":265,"loc":{"start":{"line":265,"column":22},"end":{"line":288,"column":3}},"locations":[{"start":{"line":265,"column":22},"end":{"line":288,"column":3}}]},"45":{"type":"branch","line":266,"loc":{"start":{"line":266,"column":17},"end":{"line":272,"column":5}},"locations":[{"start":{"line":266,"column":17},"end":{"line":272,"column":5}}]},"46":{"type":"branch","line":272,"loc":{"start":{"line":272,"column":4},"end":{"line":274,"column":36}},"locations":[{"start":{"line":272,"column":4},"end":{"line":274,"column":36}}]},"47":{"type":"branch","line":274,"loc":{"start":{"line":274,"column":36},"end":{"line":287,"column":5}},"locations":[{"start":{"line":274,"column":36},"end":{"line":287,"column":5}}]},"48":{"type":"branch","line":290,"loc":{"start":{"line":290,"column":33},"end":{"line":317,"column":3}},"locations":[{"start":{"line":290,"column":33},"end":{"line":317,"column":3}}]},"49":{"type":"branch","line":294,"loc":{"start":{"line":294,"column":16},"end":{"line":301,"column":5}},"locations":[{"start":{"line":294,"column":16},"end":{"line":301,"column":5}}]},"50":{"type":"branch","line":301,"loc":{"start":{"line":301,"column":4},"end":{"line":303,"column":19}},"locations":[{"start":{"line":301,"column":4},"end":{"line":303,"column":19}}]},"51":{"type":"branch","line":303,"loc":{"start":{"line":303,"column":19},"end":{"line":316,"column":5}},"locations":[{"start":{"line":303,"column":19},"end":{"line":316,"column":5}}]},"52":{"type":"branch","line":291,"loc":{"start":{"line":291,"column":32},"end":{"line":291,"column":55}},"locations":[{"start":{"line":291,"column":32},"end":{"line":291,"column":55}}]},"53":{"type":"branch","line":292,"loc":{"start":{"line":292,"column":35},"end":{"line":292,"column":61}},"locations":[{"start":{"line":292,"column":35},"end":{"line":292,"column":61}}]}},"b":{"0":[1],"1":[24],"2":[24],"3":[20],"4":[4],"5":[1],"6":[3],"7":[24],"8":[19],"9":[5],"10":[1],"11":[4],"12":[1],"13":[3],"14":[24],"15":[16],"16":[17],"17":[18],"18":[17],"19":[7],"20":[1],"21":[6],"22":[24],"23":[18],"24":[6],"25":[2],"26":[4],"27":[0],"28":[0],"29":[4],"30":[24],"31":[16],"32":[16],"33":[21],"34":[6],"35":[18],"36":[3],"37":[15],"38":[24],"39":[21],"40":[3],"41":[2],"42":[0],"43":[3],"44":[24],"45":[22],"46":[2],"47":[1],"48":[24],"49":[22],"50":[2],"51":[1],"52":[38],"53":[142]},"fnMap":{"0":{"name":"useDiagnostics","decl":{"start":{"line":12,"column":30},"end":{"line":322,"column":1}},"loc":{"start":{"line":12,"column":30},"end":{"line":322,"column":1}},"line":12},"1":{"name":"generateDiagnostics","decl":{"start":{"line":13,"column":30},"end":{"line":50,"column":3}},"loc":{"start":{"line":13,"column":30},"end":{"line":50,"column":3}},"line":13},"2":{"name":"checkTitle","decl":{"start":{"line":52,"column":21},"end":{"line":76,"column":3}},"loc":{"start":{"line":52,"column":21},"end":{"line":76,"column":3}},"line":52},"3":{"name":"checkDescription","decl":{"start":{"line":78,"column":27},"end":{"line":111,"column":3}},"loc":{"start":{"line":78,"column":27},"end":{"line":111,"column":3}},"line":78},"4":{"name":"checkOGTags","decl":{"start":{"line":113,"column":22},"end":{"line":144,"column":3}},"loc":{"start":{"line":113,"column":22},"end":{"line":144,"column":3}},"line":113},"5":{"name":"checkOGImage","decl":{"start":{"line":146,"column":23},"end":{"line":200,"column":3}},"loc":{"start":{"line":146,"column":23},"end":{"line":200,"column":3}},"line":146},"6":{"name":"checkTwitterCard","decl":{"start":{"line":202,"column":27},"end":{"line":227,"column":3}},"loc":{"start":{"line":202,"column":27},"end":{"line":227,"column":3}},"line":202},"7":{"name":"checkCanonical","decl":{"start":{"line":229,"column":25},"end":{"line":263,"column":3}},"loc":{"start":{"line":229,"column":25},"end":{"line":263,"column":3}},"line":229},"8":{"name":"checkRobots","decl":{"start":{"line":265,"column":22},"end":{"line":288,"column":3}},"loc":{"start":{"line":265,"column":22},"end":{"line":288,"column":3}},"line":265},"9":{"name":"determineOverallStatus","decl":{"start":{"line":290,"column":33},"end":{"line":317,"column":3}},"loc":{"start":{"line":290,"column":33},"end":{"line":317,"column":3}},"line":290}},"f":{"0":1,"1":24,"2":24,"3":24,"4":24,"5":24,"6":24,"7":24,"8":24,"9":24}}
,"/Volumes/satechi/webdev/icjia-metapeek/app/composables/useFetchProxy.ts": {"path":"/Volumes/satechi/webdev/icjia-metapeek/app/composables/useFetchProxy.ts","all":true,"statementMap":{"4":{"start":{"line":5,"column":0},"end":{"line":5,"column":50}},"27":{"start":{"line":28,"column":0},"end":{"line":28,"column":33}},"28":{"start":{"line":29,"column":0},"end":{"line":29,"column":43}},"35":{"start":{"line":36,"column":0},"end":{"line":36,"column":42}},"36":{"start":{"line":37,"column":0},"end":{"line":37,"column":59}},"37":{"start":{"line":38,"column":0},"end":{"line":38,"column":3}},"45":{"start":{"line":46,"column":0},"end":{"line":46,"column":49}},"48":{"start":{"line":49,"column":0},"end":{"line":49,"column":9}},"49":{"start":{"line":50,"column":0},"end":{"line":50,"column":39}},"51":{"start":{"line":52,"column":0},"end":{"line":52,"column":9}},"53":{"start":{"line":54,"column":0},"end":{"line":54,"column":62}},"54":{"start":{"line":55,"column":0},"end":{"line":55,"column":23}},"55":{"start":{"line":56,"column":0},"end":{"line":56,"column":18}},"56":{"start":{"line":57,"column":0},"end":{"line":57,"column":45}},"57":{"start":{"line":58,"column":0},"end":{"line":58,"column":10}},"58":{"start":{"line":59,"column":0},"end":{"line":59,"column":15}},"59":{"start":{"line":60,"column":0},"end":{"line":60,"column":14}},"60":{"start":{"line":61,"column":0},"end":{"line":61,"column":10}},"61":{"start":{"line":62,"column":0},"end":{"line":62,"column":8}},"64":{"start":{"line":65,"column":0},"end":{"line":65,"column":43}},"65":{"start":{"line":66,"column":0},"end":{"line":66,"column":54}},"66":{"start":{"line":67,"column":0},"end":{"line":67,"column":7}},"69":{"start":{"line":70,"column":0},"end":{"line":70,"column":47}},"71":{"start":{"line":72,"column":0},"end":{"line":72,"column":14}},"72":{"start":{"line":73,"column":0},"end":{"line":73,"column":13}},"73":{"start":{"line":74,"column":0},"end":{"line":74,"column":17}},"74":{"start":{"line":75,"column":0},"end":{"line":75,"column":7}},"75":{"start":{"line":76,"column":0},"end":{"line":76,"column":26}},"80":{"start":{"line":81,"column":0},"end":{"line":81,"column":61}},"82":{"start":{"line":83,"column":0},"end":{"line":83,"column":15}},"83":{"start":{"line":84,"column":0},"end":{"line":84,"column":55}},"84":{"start":{"line":85,"column":0},"end":{"line":85,"column":79}},"85":{"start":{"line":86,"column":0},"end":{"line":86,"column":23}},"86":{"start":{"line":87,"column":0},"end":{"line":87,"column":47}},"88":{"start":{"line":89,"column":0},"end":{"line":89,"column":15}},"89":{"start":{"line":90,"column":0},"end":{"line":90,"column":44}},"90":{"start":{"line":91,"column":0},"end":{"line":91,"column":94}},"91":{"start":{"line":92,"column":0},"end":{"line":92,"column":23}},"92":{"start":{"line":93,"column":0},"end":{"line":93,"column":14}},"94":{"start":{"line":95,"column":0},"end":{"line":95,"column":15}},"95":{"start":{"line":96,"column":0},"end":{"line":96,"column":24}},"96":{"start":{"line":97,"column":0},"end":{"line":97,"column":67}},"97":{"start":{"line":98,"column":0},"end":{"line":98,"column":23}},"98":{"start":{"line":99,"column":0},"end":{"line":99,"column":7}},"99":{"start":{"line":100,"column":0},"end":{"line":100,"column":5}},"100":{"start":{"line":101,"column":0},"end":{"line":101,"column":3}},"102":{"start":{"line":103,"column":0},"end":{"line":103,"column":10}},"103":{"start":{"line":104,"column":0},"end":{"line":104,"column":13}},"104":{"start":{"line":105,"column":0},"end":{"line":105,"column":3}},"105":{"start":{"line":106,"column":0},"end":{"line":106,"column":1}}},"s":{"4":0,"27":0,"28":0,"35":0,"36":0,"37":0,"45":0,"48":0,"49":0,"51":0,"53":0,"54":0,"55":0,"56":0,"57":0,"58":0,"59":0,"60":0,"61":0,"64":0,"65":0,"66":0,"69":0,"71":0,"72":0,"73":0,"74":0,"75":0,"80":0,"82":0,"83":0,"84":0,"85":0,"86":0,"88":0,"89":0,"90":0,"91":0,"92":0,"94":0,"95":0,"96":0,"97":0,"98":0,"99":0,"100":0,"102":0,"103":0,"104":0,"105":0},"branchMap":{"0":{"type":"branch","line":1,"loc":{"start":{"line":1,"column":2933},"end":{"line":106,"column":1}},"locations":[{"start":{"line":1,"column":2933},"end":{"line":106,"column":1}}]}},"b":{"0":[1]},"fnMap":{"0":{"name":"(empty-report)","decl":{"start":{"line":1,"column":2933},"end":{"line":106,"column":1}},"loc":{"start":{"line":1,"column":2933},"end":{"line":106,"column":1}},"line":1}},"f":{"0":1}}
,"/Volumes/satechi/webdev/icjia-metapeek/app/composables/useFetchStatus.ts": {"path":"/Volumes/satechi/webdev/icjia-metapeek/app/composables/useFetchStatus.ts","all":true,"statementMap":{"20":{"start":{"line":21,"column":0},"end":{"line":21,"column":54}},"21":{"start":{"line":22,"column":0},"end":{"line":22,"column":12}},"22":{"start":{"line":23,"column":0},"end":{"line":23,"column":51}},"23":{"start":{"line":24,"column":0},"end":{"line":24,"column":159}},"24":{"start":{"line":25,"column":0},"end":{"line":25,"column":4}},"25":{"start":{"line":26,"column":0},"end":{"line":26,"column":17}},"26":{"start":{"line":27,"column":0},"end":{"line":27,"column":35}},"27":{"start":{"line":28,"column":0},"end":{"line":28,"column":145}},"28":{"start":{"line":29,"column":0},"end":{"line":29,"column":4}},"29":{"start":{"line":30,"column":0},"end":{"line":30,"column":16}},"30":{"start":{"line":31,"column":0},"end":{"line":31,"column":51}},"31":{"start":{"line":32,"column":0},"end":{"line":32,"column":118}},"32":{"start":{"line":33,"column":0},"end":{"line":33,"column":4}},"33":{"start":{"line":34,"column":0},"end":{"line":34,"column":17}},"34":{"start":{"line":35,"column":0},"end":{"line":35,"column":42}},"35":{"start":{"line":36,"column":0},"end":{"line":36,"column":134}},"36":{"start":{"line":37,"column":0},"end":{"line":37,"column":4}},"37":{"start":{"line":38,"column":0},"end":{"line":38,"column":17}},"38":{"start":{"line":39,"column":0},"end":{"line":39,"column":41}},"39":{"start":{"line":40,"column":0},"end":{"line":40,"column":146}},"40":{"start":{"line":41,"column":0},"end":{"line":41,"column":4}},"41":{"start":{"line":42,"column":0},"end":{"line":42,"column":15}},"42":{"start":{"line":43,"column":0},"end":{"line":43,"column":48}},"43":{"start":{"line":44,"column":0},"end":{"line":44,"column":82}},"44":{"start":{"line":45,"column":0},"end":{"line":45,"column":4}},"45":{"start":{"line":46,"column":0},"end":{"line":46,"column":23}},"46":{"start":{"line":47,"column":0},"end":{"line":47,"column":50}},"47":{"start":{"line":48,"column":0},"end":{"line":48,"column":140}},"48":{"start":{"line":49,"column":0},"end":{"line":49,"column":4}},"49":{"start":{"line":50,"column":0},"end":{"line":50,"column":16}},"50":{"start":{"line":51,"column":0},"end":{"line":51,"column":52}},"51":{"start":{"line":52,"column":0},"end":{"line":52,"column":149}},"52":{"start":{"line":53,"column":0},"end":{"line":53,"column":4}},"53":{"start":{"line":54,"column":0},"end":{"line":54,"column":17}},"54":{"start":{"line":55,"column":0},"end":{"line":55,"column":55}},"55":{"start":{"line":56,"column":0},"end":{"line":56,"column":96}},"56":{"start":{"line":57,"column":0},"end":{"line":57,"column":4}},"57":{"start":{"line":58,"column":0},"end":{"line":58,"column":18}},"58":{"start":{"line":59,"column":0},"end":{"line":59,"column":39}},"59":{"start":{"line":60,"column":0},"end":{"line":60,"column":120}},"60":{"start":{"line":61,"column":0},"end":{"line":61,"column":4}},"61":{"start":{"line":62,"column":0},"end":{"line":62,"column":1}},"66":{"start":{"line":67,"column":0},"end":{"line":67,"column":70}},"67":{"start":{"line":68,"column":0},"end":{"line":68,"column":47}},"68":{"start":{"line":69,"column":0},"end":{"line":69,"column":42}},"69":{"start":{"line":70,"column":0},"end":{"line":70,"column":53}},"71":{"start":{"line":72,"column":0},"end":{"line":72,"column":27}},"72":{"start":{"line":73,"column":0},"end":{"line":73,"column":42}},"73":{"start":{"line":74,"column":0},"end":{"line":74,"column":97}},"74":{"start":{"line":75,"column":0},"end":{"line":75,"column":103}},"75":{"start":{"line":76,"column":0},"end":{"line":76,"column":66}},"76":{"start":{"line":77,"column":0},"end":{"line":77,"column":85}},"77":{"start":{"line":78,"column":0},"end":{"line":78,"column":24}},"78":{"start":{"line":79,"column":0},"end":{"line":79,"column":3}},"80":{"start":{"line":81,"column":0},"end":{"line":81,"column":25}},"82":{"start":{"line":83,"column":0},"end":{"line":83,"column":73}},"83":{"start":{"line":84,"column":0},"end":{"line":84,"column":25}},"84":{"start":{"line":85,"column":0},"end":{"line":85,"column":3}},"86":{"start":{"line":87,"column":0},"end":{"line":87,"column":69}},"87":{"start":{"line":88,"column":0},"end":{"line":88,"column":46}},"89":{"start":{"line":90,"column":0},"end":{"line":90,"column":23}},"90":{"start":{"line":91,"column":0},"end":{"line":91,"column":1}},"95":{"start":{"line":96,"column":0},"end":{"line":96,"column":34}},"96":{"start":{"line":97,"column":0},"end":{"line":97,"column":51}},"97":{"start":{"line":98,"column":0},"end":{"line":98,"column":28}},"98":{"start":{"line":99,"column":0},"end":{"line":99,"column":62}},"104":{"start":{"line":105,"column":0},"end":{"line":105,"column":43}},"105":{"start":{"line":106,"column":0},"end":{"line":106,"column":54}},"107":{"start":{"line":108,"column":0},"end":{"line":108,"column":31}},"108":{"start":{"line":109,"column":0},"end":{"line":109,"column":77}},"110":{"start":{"line":111,"column":0},"end":{"line":111,"column":35}},"111":{"start":{"line":112,"column":0},"end":{"line":112,"column":14}},"112":{"start":{"line":113,"column":0},"end":{"line":113,"column":47}},"113":{"start":{"line":114,"column":0},"end":{"line":114,"column":33}},"114":{"start":{"line":115,"column":0},"end":{"line":115,"column":7}},"115":{"start":{"line":116,"column":0},"end":{"line":116,"column":42}},"116":{"start":{"line":117,"column":0},"end":{"line":117,"column":14}},"117":{"start":{"line":118,"column":0},"end":{"line":118,"column":104}},"118":{"start":{"line":119,"column":0},"end":{"line":119,"column":31}},"119":{"start":{"line":120,"column":0},"end":{"line":120,"column":7}},"120":{"start":{"line":121,"column":0},"end":{"line":121,"column":12}},"121":{"start":{"line":122,"column":0},"end":{"line":122,"column":14}},"122":{"start":{"line":123,"column":0},"end":{"line":123,"column":124}},"123":{"start":{"line":124,"column":0},"end":{"line":124,"column":29}},"124":{"start":{"line":125,"column":0},"end":{"line":125,"column":7}},"125":{"start":{"line":126,"column":0},"end":{"line":126,"column":5}},"126":{"start":{"line":127,"column":0},"end":{"line":127,"column":4}},"131":{"start":{"line":132,"column":0},"end":{"line":132,"column":28}},"132":{"start":{"line":133,"column":0},"end":{"line":133,"column":25}},"133":{"start":{"line":134,"column":0},"end":{"line":134,"column":36}},"134":{"start":{"line":135,"column":0},"end":{"line":135,"column":30}},"135":{"start":{"line":136,"column":0},"end":{"line":136,"column":11}},"136":{"start":{"line":137,"column":0},"end":{"line":137,"column":3}},"141":{"start":{"line":142,"column":0},"end":{"line":142,"column":27}},"142":{"start":{"line":143,"column":0},"end":{"line":143,"column":21}},"143":{"start":{"line":144,"column":0},"end":{"line":144,"column":31}},"144":{"start":{"line":145,"column":0},"end":{"line":145,"column":23}},"145":{"start":{"line":146,"column":0},"end":{"line":146,"column":5}},"146":{"start":{"line":147,"column":0},"end":{"line":147,"column":3}},"151":{"start":{"line":152,"column":0},"end":{"line":152,"column":31}},"152":{"start":{"line":153,"column":0},"end":{"line":153,"column":42}},"153":{"start":{"line":154,"column":0},"end":{"line":154,"column":3}},"158":{"start":{"line":159,"column":0},"end":{"line":159,"column":40}},"159":{"start":{"line":160,"column":0},"end":{"line":160,"column":32}},"160":{"start":{"line":161,"column":0},"end":{"line":161,"column":56}},"161":{"start":{"line":162,"column":0},"end":{"line":162,"column":16}},"162":{"start":{"line":163,"column":0},"end":{"line":163,"column":3}},"167":{"start":{"line":168,"column":0},"end":{"line":168,"column":28}},"168":{"start":{"line":169,"column":0},"end":{"line":169,"column":15}},"169":{"start":{"line":170,"column":0},"end":{"line":170,"column":39}},"170":{"start":{"line":171,"column":0},"end":{"line":171,"column":3}},"175":{"start":{"line":176,"column":0},"end":{"line":176,"column":43}},"176":{"start":{"line":177,"column":0},"end":{"line":177,"column":15}},"177":{"start":{"line":178,"column":0},"end":{"line":178,"column":48}},"178":{"start":{"line":179,"column":0},"end":{"line":179,"column":3}},"183":{"start":{"line":184,"column":0},"end":{"line":184,"column":61}},"184":{"start":{"line":185,"column":0},"end":{"line":185,"column":15}},"185":{"start":{"line":186,"column":0},"end":{"line":186,"column":52}},"186":{"start":{"line":187,"column":0},"end":{"line":187,"column":72}},"188":{"start":{"line":189,"column":0},"end":{"line":189,"column":19}},"189":{"start":{"line":190,"column":0},"end":{"line":190,"column":22}},"190":{"start":{"line":191,"column":0},"end":{"line":191,"column":11}},"191":{"start":{"line":192,"column":0},"end":{"line":192,"column":32}},"192":{"start":{"line":193,"column":0},"end":{"line":193,"column":38}},"193":{"start":{"line":194,"column":0},"end":{"line":194,"column":5}},"194":{"start":{"line":195,"column":0},"end":{"line":195,"column":3}},"199":{"start":{"line":200,"column":0},"end":{"line":200,"column":23}},"200":{"start":{"line":201,"column":0},"end":{"line":201,"column":15}},"201":{"start":{"line":202,"column":0},"end":{"line":202,"column":36}},"202":{"start":{"line":203,"column":0},"end":{"line":203,"column":25}},"203":{"start":{"line":204,"column":0},"end":{"line":204,"column":3}},"206":{"start":{"line":207,"column":0},"end":{"line":207,"column":21}},"207":{"start":{"line":208,"column":0},"end":{"line":208,"column":15}},"208":{"start":{"line":209,"column":0},"end":{"line":209,"column":4}},"210":{"start":{"line":211,"column":0},"end":{"line":211,"column":10}},"211":{"start":{"line":212,"column":0},"end":{"line":212,"column":10}},"212":{"start":{"line":213,"column":0},"end":{"line":213,"column":16}},"213":{"start":{"line":214,"column":0},"end":{"line":214,"column":36}},"214":{"start":{"line":215,"column":0},"end":{"line":215,"column":18}},"215":{"start":{"line":216,"column":0},"end":{"line":216,"column":16}},"216":{"start":{"line":217,"column":0},"end":{"line":217,"column":15}},"217":{"start":{"line":218,"column":0},"end":{"line":218,"column":16}},"218":{"start":{"line":219,"column":0},"end":{"line":219,"column":13}},"219":{"start":{"line":220,"column":0},"end":{"line":220,"column":10}},"220":{"start":{"line":221,"column":0},"end":{"line":221,"column":3}},"221":{"start":{"line":222,"column":0},"end":{"line":222,"column":1}}},"s":{"20":0,"21":0,"22":0,"23":0,"24":0,"25":0,"26":0,"27":0,"28":0,"29":0,"30":0,"31":0,"32":0,"33":0,"34":0,"35":0,"36":0,"37":0,"38":0,"39":0,"40":0,"41":0,"42":0,"43":0,"44":0,"45":0,"46":0,"47":0,"48":0,"49":0,"50":0,"51":0,"52":0,"53":0,"54":0,"55":0,"56":0,"57":0,"58":0,"59":0,"60":0,"61":0,"66":0,"67":0,"68":0,"69":0,"71":0,"72":0,"73":0,"74":0,"75":0,"76":0,"77":0,"78":0,"80":0,"82":0,"83":0,"84":0,"86":0,"87":0,"89":0,"90":0,"95":0,"96":0,"97":0,"98":0,"104":0,"105":0,"107":0,"108":0,"110":0,"111":0,"112":0,"113":0,"114":0,"115":0,"116":0,"117":0,"118":0,"119":0,"120":0,"121":0,"122":0,"123":0,"124":0,"125":0,"126":0,"131":0,"132":0,"133":0,"134":0,"135":0,"136":0,"141":0,"142":0,"143":0,"144":0,"145":0,"146":0,"151":0,"152":0,"153":0,"158":0,"159":0,"160":0,"161":0,"162":0,"167":0,"168":0,"169":0,"170":0,"175":0,"176":0,"177":0,"178":0,"183":0,"184":0,"185":0,"186":0,"188":0,"189":0,"190":0,"191":0,"192":0,"193":0,"194":0,"199":0,"200":0,"201":0,"202":0,"203":0,"206":0,"207":0,"208":0,"210":0,"211":0,"212":0,"213":0,"214":0,"215":0,"216":0,"217":0,"218":0,"219":0,"220":0,"221":0},"branchMap":{"0":{"type":"branch","line":1,"loc":{"start":{"line":1,"column":6571},"end":{"line":222,"column":1}},"locations":[{"start":{"line":1,"column":6571},"end":{"line":222,"column":1}}]}},"b":{"0":[1]},"fnMap":{"0":{"name":"(empty-report)","decl":{"start":{"line":1,"column":6571},"end":{"line":222,"column":1}},"loc":{"start":{"line":1,"column":6571},"end":{"line":222,"column":1}},"line":1}},"f":{"0":1}}
,"/Volumes/satechi/webdev/icjia-metapeek/app/composables/useMetaParser.ts": {"path":"/Volumes/satechi/webdev/icjia-metapeek/app/composables/useMetaParser.ts","all":false,"statementMap":{"4":{"start":{"line":5,"column":0},"end":{"line":5,"column":36}},"5":{"start":{"line":6,"column":0},"end":{"line":6,"column":53}},"7":{"start":{"line":8,"column":0},"end":{"line":8,"column":34}},"8":{"start":{"line":9,"column":0},"end":{"line":9,"column":57}},"11":{"start":{"line":12,"column":0},"end":{"line":12,"column":63}},"12":{"start":{"line":13,"column":0},"end":{"line":13,"column":49}},"13":{"start":{"line":14,"column":0},"end":{"line":14,"column":58}},"14":{"start":{"line":15,"column":0},"end":{"line":15,"column":5}},"17":{"start":{"line":18,"column":0},"end":{"line":18,"column":56}},"18":{"start":{"line":19,"column":0},"end":{"line":19,"column":53}},"19":{"start":{"line":20,"column":0},"end":{"line":20,"column":33}},"20":{"start":{"line":21,"column":0},"end":{"line":21,"column":46}},"21":{"start":{"line":22,"column":0},"end":{"line":22,"column":40}},"22":{"start":{"line":23,"column":0},"end":{"line":23,"column":5}},"25":{"start":{"line":26,"column":0},"end":{"line":26,"column":70}},"28":{"start":{"line":29,"column":0},"end":{"line":29,"column":59}},"29":{"start":{"line":30,"column":0},"end":{"line":30,"column":53}},"30":{"start":{"line":31,"column":0},"end":{"line":31,"column":49}},"31":{"start":{"line":32,"column":0},"end":{"line":32,"column":58}},"34":{"start":{"line":35,"column":0},"end":{"line":35,"column":49}},"35":{"start":{"line":36,"column":0},"end":{"line":36,"column":53}},"36":{"start":{"line":37,"column":0},"end":{"line":37,"column":103}},"37":{"start":{"line":38,"column":0},"end":{"line":38,"column":55}},"40":{"start":{"line":41,"column":0},"end":{"line":41,"column":68}},"41":{"start":{"line":42,"column":0},"end":{"line":42,"column":70}},"44":{"start":{"line":45,"column":0},"end":{"line":45,"column":88}},"45":{"start":{"line":46,"column":0},"end":{"line":46,"column":66}},"48":{"start":{"line":49,"column":0},"end":{"line":49,"column":16}},"49":{"start":{"line":50,"column":0},"end":{"line":50,"column":50}},"50":{"start":{"line":51,"column":0},"end":{"line":51,"column":62}},"51":{"start":{"line":52,"column":0},"end":{"line":52,"column":48}},"52":{"start":{"line":53,"column":0},"end":{"line":53,"column":46}},"53":{"start":{"line":54,"column":0},"end":{"line":54,"column":50}},"54":{"start":{"line":55,"column":0},"end":{"line":55,"column":57}},"55":{"start":{"line":56,"column":0},"end":{"line":56,"column":61}},"56":{"start":{"line":57,"column":0},"end":{"line":57,"column":63}},"57":{"start":{"line":58,"column":0},"end":{"line":58,"column":59}},"58":{"start":{"line":59,"column":0},"end":{"line":59,"column":57}},"59":{"start":{"line":60,"column":0},"end":{"line":60,"column":52}},"60":{"start":{"line":61,"column":0},"end":{"line":61,"column":63}},"61":{"start":{"line":62,"column":0},"end":{"line":62,"column":50}},"62":{"start":{"line":63,"column":0},"end":{"line":63,"column":50}},"63":{"start":{"line":64,"column":0},"end":{"line":64,"column":5}},"66":{"start":{"line":67,"column":0},"end":{"line":67,"column":22}},"67":{"start":{"line":68,"column":0},"end":{"line":68,"column":51}},"68":{"start":{"line":69,"column":0},"end":{"line":69,"column":52}},"69":{"start":{"line":70,"column":0},"end":{"line":70,"column":5}},"72":{"start":{"line":73,"column":0},"end":{"line":73,"column":21}},"73":{"start":{"line":74,"column":0},"end":{"line":74,"column":57}},"74":{"start":{"line":75,"column":0},"end":{"line":75,"column":72}},"75":{"start":{"line":76,"column":0},"end":{"line":76,"column":70}},"76":{"start":{"line":77,"column":0},"end":{"line":77,"column":59}},"77":{"start":{"line":78,"column":0},"end":{"line":78,"column":55}},"78":{"start":{"line":79,"column":0},"end":{"line":79,"column":5}},"81":{"start":{"line":82,"column":0},"end":{"line":82,"column":21}},"82":{"start":{"line":83,"column":0},"end":{"line":83,"column":49}},"83":{"start":{"line":84,"column":0},"end":{"line":84,"column":49}},"84":{"start":{"line":85,"column":0},"end":{"line":85,"column":55}},"85":{"start":{"line":86,"column":0},"end":{"line":86,"column":51}},"86":{"start":{"line":87,"column":0},"end":{"line":87,"column":63}},"87":{"start":{"line":88,"column":0},"end":{"line":88,"column":51}},"88":{"start":{"line":89,"column":0},"end":{"line":89,"column":58}},"89":{"start":{"line":90,"column":0},"end":{"line":90,"column":53}},"90":{"start":{"line":91,"column":0},"end":{"line":91,"column":51}},"91":{"start":{"line":92,"column":0},"end":{"line":92,"column":53}},"92":{"start":{"line":93,"column":0},"end":{"line":93,"column":51}},"93":{"start":{"line":94,"column":0},"end":{"line":94,"column":5}},"96":{"start":{"line":97,"column":0},"end":{"line":97,"column":23}},"97":{"start":{"line":98,"column":0},"end":{"line":98,"column":123}},"98":{"start":{"line":99,"column":0},"end":{"line":99,"column":5}},"101":{"start":{"line":102,"column":0},"end":{"line":102,"column":76}},"102":{"start":{"line":103,"column":0},"end":{"line":103,"column":19}},"103":{"start":{"line":104,"column":0},"end":{"line":104,"column":80}},"104":{"start":{"line":105,"column":0},"end":{"line":105,"column":76}},"105":{"start":{"line":106,"column":0},"end":{"line":106,"column":96}},"106":{"start":{"line":107,"column":0},"end":{"line":107,"column":67}},"107":{"start":{"line":108,"column":0},"end":{"line":108,"column":5}},"110":{"start":{"line":111,"column":0},"end":{"line":111,"column":23}},"111":{"start":{"line":112,"column":0},"end":{"line":112,"column":65}},"112":{"start":{"line":113,"column":0},"end":{"line":113,"column":65}},"113":{"start":{"line":114,"column":0},"end":{"line":114,"column":5}},"116":{"start":{"line":117,"column":0},"end":{"line":117,"column":57}},"117":{"start":{"line":118,"column":0},"end":{"line":118,"column":84}},"119":{"start":{"line":120,"column":0},"end":{"line":120,"column":37}},"120":{"start":{"line":121,"column":0},"end":{"line":121,"column":11}},"121":{"start":{"line":122,"column":0},"end":{"line":122,"column":57}},"122":{"start":{"line":123,"column":0},"end":{"line":123,"column":33}},"123":{"start":{"line":124,"column":0},"end":{"line":124,"column":15}},"125":{"start":{"line":126,"column":0},"end":{"line":126,"column":7}},"126":{"start":{"line":127,"column":0},"end":{"line":127,"column":6}},"128":{"start":{"line":129,"column":0},"end":{"line":129,"column":12}},"129":{"start":{"line":130,"column":0},"end":{"line":130,"column":12}},"130":{"start":{"line":131,"column":0},"end":{"line":131,"column":18}},"131":{"start":{"line":132,"column":0},"end":{"line":132,"column":15}},"132":{"start":{"line":133,"column":0},"end":{"line":133,"column":13}},"133":{"start":{"line":134,"column":0},"end":{"line":134,"column":16}},"134":{"start":{"line":135,"column":0},"end":{"line":135,"column":14}},"135":{"start":{"line":136,"column":0},"end":{"line":136,"column":17}},"136":{"start":{"line":137,"column":0},"end":{"line":137,"column":13}},"137":{"start":{"line":138,"column":0},"end":{"line":138,"column":15}},"138":{"start":{"line":139,"column":0},"end":{"line":139,"column":15}},"139":{"start":{"line":140,"column":0},"end":{"line":140,"column":16}},"140":{"start":{"line":141,"column":0},"end":{"line":141,"column":9}},"141":{"start":{"line":142,"column":0},"end":{"line":142,"column":15}},"142":{"start":{"line":143,"column":0},"end":{"line":143,"column":14}},"143":{"start":{"line":144,"column":0},"end":{"line":144,"column":14}},"144":{"start":{"line":145,"column":0},"end":{"line":145,"column":16}},"145":{"start":{"line":146,"column":0},"end":{"line":146,"column":12}},"146":{"start":{"line":147,"column":0},"end":{"line":147,"column":16}},"147":{"start":{"line":148,"column":0},"end":{"line":148,"column":20}},"148":{"start":{"line":149,"column":0},"end":{"line":149,"column":5}},"149":{"start":{"line":150,"column":0},"end":{"line":150,"column":3}},"151":{"start":{"line":152,"column":0},"end":{"line":152,"column":10}},"152":{"start":{"line":153,"column":0},"end":{"line":153,"column":17}},"153":{"start":{"line":154,"column":0},"end":{"line":154,"column":3}},"154":{"start":{"line":155,"column":0},"end":{"line":155,"column":1}}},"s":{"4":1,"5":1,"7":28,"8":28,"11":28,"12":1316,"13":1316,"14":1316,"17":28,"18":28,"19":28,"20":28,"21":28,"22":28,"25":28,"28":28,"29":28,"30":28,"31":28,"34":28,"35":28,"36":28,"37":28,"40":28,"41":28,"44":28,"45":28,"48":28,"49":28,"50":28,"51":28,"52":28,"53":28,"54":28,"55":28,"56":28,"57":28,"58":28,"59":28,"60":28,"61":28,"62":28,"63":28,"66":28,"67":28,"68":28,"69":28,"72":28,"73":28,"74":28,"75":28,"76":28,"77":28,"78":28,"81":28,"82":28,"83":28,"84":28,"85":28,"86":28,"87":28,"88":28,"89":28,"90":28,"91":28,"92":28,"93":28,"96":28,"97":28,"98":28,"101":28,"102":28,"103":28,"104":28,"105":28,"106":28,"107":28,"110":28,"111":28,"112":28,"113":28,"116":28,"117":28,"119":28,"120":4,"121":4,"122":4,"123":4,"125":1,"126":28,"128":28,"129":28,"130":28,"131":28,"132":28,"133":28,"134":28,"135":28,"136":28,"137":28,"138":28,"139":28,"140":28,"141":28,"142":28,"143":28,"144":28,"145":28,"146":28,"147":28,"148":28,"149":28,"151":1,"152":1,"153":1,"154":1},"branchMap":{"0":{"type":"branch","line":5,"loc":{"start":{"line":5,"column":29},"end":{"line":155,"column":1}},"locations":[{"start":{"line":5,"column":29},"end":{"line":155,"column":1}}]},"1":{"type":"branch","line":6,"loc":{"start":{"line":6,"column":24},"end":{"line":150,"column":3}},"locations":[{"start":{"line":6,"column":24},"end":{"line":150,"column":3}}]},"2":{"type":"branch","line":26,"loc":{"start":{"line":26,"column":43},"end":{"line":26,"column":61}},"locations":[{"start":{"line":26,"column":43},"end":{"line":26,"column":61}}]},"3":{"type":"branch","line":26,"loc":{"start":{"line":26,"column":46},"end":{"line":26,"column":70}},"locations":[{"start":{"line":26,"column":46},"end":{"line":26,"column":70}}]},"4":{"type":"branch","line":42,"loc":{"start":{"line":42,"column":22},"end":{"line":42,"column":50}},"locations":[{"start":{"line":42,"column":22},"end":{"line":42,"column":50}}]},"5":{"type":"branch","line":42,"loc":{"start":{"line":42,"column":56},"end":{"line":42,"column":70}},"locations":[{"start":{"line":42,"column":56},"end":{"line":42,"column":70}}]},"6":{"type":"branch","line":46,"loc":{"start":{"line":46,"column":20},"end":{"line":46,"column":46}},"locations":[{"start":{"line":46,"column":20},"end":{"line":46,"column":46}}]},"7":{"type":"branch","line":46,"loc":{"start":{"line":46,"column":52},"end":{"line":46,"column":66}},"locations":[{"start":{"line":46,"column":52},"end":{"line":46,"column":66}}]},"8":{"type":"branch","line":107,"loc":{"start":{"line":107,"column":17},"end":{"line":107,"column":46}},"locations":[{"start":{"line":107,"column":17},"end":{"line":107,"column":46}}]},"9":{"type":"branch","line":12,"loc":{"start":{"line":12,"column":20},"end":{"line":15,"column":5}},"locations":[{"start":{"line":12,"column":20},"end":{"line":15,"column":5}}]},"10":{"type":"branch","line":14,"loc":{"start":{"line":14,"column":13},"end":{"line":14,"column":35}},"locations":[{"start":{"line":14,"column":13},"end":{"line":14,"column":35}}]},"11":{"type":"branch","line":14,"loc":{"start":{"line":14,"column":44},"end":{"line":14,"column":58}},"locations":[{"start":{"line":14,"column":44},"end":{"line":14,"column":58}}]},"12":{"type":"branch","line":18,"loc":{"start":{"line":18,"column":23},"end":{"line":23,"column":5}},"locations":[{"start":{"line":18,"column":23},"end":{"line":23,"column":5}}]},"13":{"type":"branch","line":120,"loc":{"start":{"line":120,"column":26},"end":{"line":127,"column":5}},"locations":[{"start":{"line":120,"column":26},"end":{"line":127,"column":5}}]},"14":{"type":"branch","line":122,"loc":{"start":{"line":122,"column":39},"end":{"line":122,"column":56}},"locations":[{"start":{"line":122,"column":39},"end":{"line":122,"column":56}}]},"15":{"type":"branch","line":124,"loc":{"start":{"line":124,"column":6},"end":{"line":126,"column":7}},"locations":[{"start":{"line":124,"column":6},"end":{"line":126,"column":7}}]}},"b":{"0":[1],"1":[28],"2":[2],"3":[26],"4":[2],"5":[26],"6":[3],"7":[25],"8":[0],"9":[1316],"10":[26],"11":[1290],"12":[28],"13":[4],"14":[0],"15":[1]},"fnMap":{"0":{"name":"useMetaParser","decl":{"start":{"line":5,"column":29},"end":{"line":155,"column":1}},"loc":{"start":{"line":5,"column":29},"end":{"line":155,"column":1}},"line":5},"1":{"name":"parseMetaTags","decl":{"start":{"line":6,"column":24},"end":{"line":150,"column":3}},"loc":{"start":{"line":6,"column":24},"end":{"line":150,"column":3}},"line":6},"2":{"name":"getMeta","decl":{"start":{"line":12,"column":20},"end":{"line":15,"column":5}},"loc":{"start":{"line":12,"column":20},"end":{"line":15,"column":5}},"line":12},"3":{"name":"getMetaAll","decl":{"start":{"line":18,"column":23},"end":{"line":23,"column":5}},"loc":{"start":{"line":18,"column":23},"end":{"line":23,"column":5}},"line":18}},"f":{"0":1,"1":28,"2":1316,"3":28}}
,"/Volumes/satechi/webdev/icjia-metapeek/app/composables/useMetaScore.ts": {"path":"/Volumes/satechi/webdev/icjia-metapeek/app/composables/useMetaScore.ts","all":true,"statementMap":{"32":{"start":{"line":33,"column":0},"end":{"line":33,"column":17}},"33":{"start":{"line":34,"column":0},"end":{"line":34,"column":64}},"34":{"start":{"line":35,"column":0},"end":{"line":35,"column":64}},"35":{"start":{"line":36,"column":0},"end":{"line":36,"column":58}},"36":{"start":{"line":37,"column":0},"end":{"line":37,"column":57}},"37":{"start":{"line":38,"column":0},"end":{"line":38,"column":54}},"38":{"start":{"line":39,"column":0},"end":{"line":39,"column":48}},"39":{"start":{"line":40,"column":0},"end":{"line":40,"column":57}},"40":{"start":{"line":41,"column":0},"end":{"line":41,"column":1}},"45":{"start":{"line":46,"column":0},"end":{"line":46,"column":32}},"49":{"start":{"line":50,"column":0},"end":{"line":50,"column":124}},"50":{"start":{"line":51,"column":0},"end":{"line":51,"column":21}},"51":{"start":{"line":52,"column":0},"end":{"line":52,"column":19}},"52":{"start":{"line":53,"column":0},"end":{"line":53,"column":45}},"53":{"start":{"line":54,"column":0},"end":{"line":54,"column":20}},"54":{"start":{"line":55,"column":0},"end":{"line":55,"column":47}},"55":{"start":{"line":56,"column":0},"end":{"line":56,"column":17}},"56":{"start":{"line":57,"column":0},"end":{"line":57,"column":43}},"57":{"start":{"line":58,"column":0},"end":{"line":58,"column":5}},"58":{"start":{"line":59,"column":0},"end":{"line":59,"column":3}},"63":{"start":{"line":64,"column":0},"end":{"line":64,"column":68}},"64":{"start":{"line":65,"column":0},"end":{"line":65,"column":31}},"65":{"start":{"line":66,"column":0},"end":{"line":66,"column":31}},"66":{"start":{"line":67,"column":0},"end":{"line":67,"column":31}},"67":{"start":{"line":68,"column":0},"end":{"line":68,"column":31}},"68":{"start":{"line":69,"column":0},"end":{"line":69,"column":14}},"69":{"start":{"line":70,"column":0},"end":{"line":70,"column":3}},"74":{"start":{"line":75,"column":0},"end":{"line":75,"column":65}},"76":{"start":{"line":77,"column":0},"end":{"line":77,"column":66}},"77":{"start":{"line":78,"column":0},"end":{"line":78,"column":78}},"78":{"start":{"line":79,"column":0},"end":{"line":79,"column":64}},"79":{"start":{"line":80,"column":0},"end":{"line":80,"column":70}},"80":{"start":{"line":81,"column":0},"end":{"line":81,"column":74}},"81":{"start":{"line":82,"column":0},"end":{"line":82,"column":74}},"82":{"start":{"line":83,"column":0},"end":{"line":83,"column":68}},"85":{"start":{"line":86,"column":0},"end":{"line":86,"column":24}},"86":{"start":{"line":87,"column":0},"end":{"line":87,"column":14}},"87":{"start":{"line":88,"column":0},"end":{"line":88,"column":26}},"88":{"start":{"line":89,"column":0},"end":{"line":89,"column":33}},"89":{"start":{"line":90,"column":0},"end":{"line":90,"column":22}},"90":{"start":{"line":91,"column":0},"end":{"line":91,"column":35}},"91":{"start":{"line":92,"column":0},"end":{"line":92,"column":30}},"92":{"start":{"line":93,"column":0},"end":{"line":93,"column":81}},"93":{"start":{"line":94,"column":0},"end":{"line":94,"column":8}},"94":{"start":{"line":95,"column":0},"end":{"line":95,"column":20}},"95":{"start":{"line":96,"column":0},"end":{"line":96,"column":33}},"96":{"start":{"line":97,"column":0},"end":{"line":97,"column":39}},"97":{"start":{"line":98,"column":0},"end":{"line":98,"column":22}},"98":{"start":{"line":99,"column":0},"end":{"line":99,"column":41}},"99":{"start":{"line":100,"column":0},"end":{"line":100,"column":36}},"100":{"start":{"line":101,"column":0},"end":{"line":101,"column":93}},"101":{"start":{"line":102,"column":0},"end":{"line":102,"column":8}},"102":{"start":{"line":103,"column":0},"end":{"line":103,"column":18}},"103":{"start":{"line":104,"column":0},"end":{"line":104,"column":32}},"104":{"start":{"line":105,"column":0},"end":{"line":105,"column":30}},"105":{"start":{"line":106,"column":0},"end":{"line":106,"column":22}},"106":{"start":{"line":107,"column":0},"end":{"line":107,"column":32}},"107":{"start":{"line":108,"column":0},"end":{"line":108,"column":34}},"108":{"start":{"line":109,"column":0},"end":{"line":109,"column":79}},"109":{"start":{"line":110,"column":0},"end":{"line":110,"column":8}},"110":{"start":{"line":111,"column":0},"end":{"line":111,"column":16}},"111":{"start":{"line":112,"column":0},"end":{"line":112,"column":25}},"112":{"start":{"line":113,"column":0},"end":{"line":113,"column":35}},"113":{"start":{"line":114,"column":0},"end":{"line":114,"column":22}},"114":{"start":{"line":115,"column":0},"end":{"line":115,"column":37}},"115":{"start":{"line":116,"column":0},"end":{"line":116,"column":32}},"116":{"start":{"line":117,"column":0},"end":{"line":117,"column":85}},"117":{"start":{"line":118,"column":0},"end":{"line":118,"column":8}},"118":{"start":{"line":119,"column":0},"end":{"line":119,"column":20}},"119":{"start":{"line":120,"column":0},"end":{"line":120,"column":31}},"120":{"start":{"line":121,"column":0},"end":{"line":121,"column":35}},"121":{"start":{"line":122,"column":0},"end":{"line":122,"column":22}},"122":{"start":{"line":123,"column":0},"end":{"line":123,"column":37}},"123":{"start":{"line":124,"column":0},"end":{"line":124,"column":36}},"124":{"start":{"line":125,"column":0},"end":{"line":125,"column":89}},"125":{"start":{"line":126,"column":0},"end":{"line":126,"column":8}},"126":{"start":{"line":127,"column":0},"end":{"line":127,"column":18}},"127":{"start":{"line":128,"column":0},"end":{"line":128,"column":30}},"128":{"start":{"line":129,"column":0},"end":{"line":129,"column":37}},"129":{"start":{"line":130,"column":0},"end":{"line":130,"column":22}},"130":{"start":{"line":131,"column":0},"end":{"line":131,"column":39}},"131":{"start":{"line":132,"column":0},"end":{"line":132,"column":34}},"132":{"start":{"line":133,"column":0},"end":{"line":133,"column":89}},"133":{"start":{"line":134,"column":0},"end":{"line":134,"column":8}},"134":{"start":{"line":135,"column":0},"end":{"line":135,"column":15}},"135":{"start":{"line":136,"column":0},"end":{"line":136,"column":28}},"136":{"start":{"line":137,"column":0},"end":{"line":137,"column":34}},"137":{"start":{"line":138,"column":0},"end":{"line":138,"column":22}},"138":{"start":{"line":139,"column":0},"end":{"line":139,"column":36}},"139":{"start":{"line":140,"column":0},"end":{"line":140,"column":31}},"140":{"start":{"line":141,"column":0},"end":{"line":141,"column":83}},"141":{"start":{"line":142,"column":0},"end":{"line":142,"column":8}},"142":{"start":{"line":143,"column":0},"end":{"line":143,"column":5}},"145":{"start":{"line":146,"column":0},"end":{"line":146,"column":31}},"146":{"start":{"line":147,"column":0},"end":{"line":147,"column":47}},"147":{"start":{"line":148,"column":0},"end":{"line":148,"column":59}},"148":{"start":{"line":149,"column":0},"end":{"line":149,"column":55}},"149":{"start":{"line":150,"column":0},"end":{"line":150,"column":51}},"150":{"start":{"line":151,"column":0},"end":{"line":151,"column":59}},"151":{"start":{"line":152,"column":0},"end":{"line":152,"column":55}},"152":{"start":{"line":153,"column":0},"end":{"line":153,"column":54}},"153":{"start":{"line":154,"column":0},"end":{"line":154,"column":5}},"156":{"start":{"line":157,"column":0},"end":{"line":157,"column":49}},"157":{"start":{"line":158,"column":0},"end":{"line":158,"column":55}},"159":{"start":{"line":160,"column":0},"end":{"line":160,"column":12}},"160":{"start":{"line":161,"column":0},"end":{"line":161,"column":14}},"161":{"start":{"line":162,"column":0},"end":{"line":162,"column":17}},"162":{"start":{"line":163,"column":0},"end":{"line":163,"column":18}},"163":{"start":{"line":164,"column":0},"end":{"line":164,"column":31}},"164":{"start":{"line":165,"column":0},"end":{"line":165,"column":5}},"165":{"start":{"line":166,"column":0},"end":{"line":166,"column":3}},"167":{"start":{"line":168,"column":0},"end":{"line":168,"column":10}},"168":{"start":{"line":169,"column":0},"end":{"line":169,"column":17}},"169":{"start":{"line":170,"column":0},"end":{"line":170,"column":3}},"170":{"start":{"line":171,"column":0},"end":{"line":171,"column":1}}},"s":{"32":0,"33":0,"34":0,"35":0,"36":0,"37":0,"38":0,"39":0,"40":0,"45":0,"49":0,"50":0,"51":0,"52":0,"53":0,"54":0,"55":0,"56":0,"57":0,"58":0,"63":0,"64":0,"65":0,"66":0,"67":0,"68":0,"69":0,"74":0,"76":0,"77":0,"78":0,"79":0,"80":0,"81":0,"82":0,"85":0,"86":0,"87":0,"88":0,"89":0,"90":0,"91":0,"92":0,"93":0,"94":0,"95":0,"96":0,"97":0,"98":0,"99":0,"100":0,"101":0,"102":0,"103":0,"104":0,"105":0,"106":0,"107":0,"108":0,"109":0,"110":0,"111":0,"112":0,"113":0,"114":0,"115":0,"116":0,"117":0,"118":0,"119":0,"120":0,"121":0,"122":0,"123":0,"124":0,"125":0,"126":0,"127":0,"128":0,"129":0,"130":0,"131":0,"132":0,"133":0,"134":0,"135":0,"136":0,"137":0,"138":0,"139":0,"140":0,"141":0,"142":0,"145":0,"146":0,"147":0,"148":0,"149":0,"150":0,"151":0,"152":0,"153":0,"156":0,"157":0,"159":0,"160":0,"161":0,"162":0,"163":0,"164":0,"165":0,"167":0,"168":0,"169":0,"170":0},"branchMap":{"0":{"type":"branch","line":1,"loc":{"start":{"line":1,"column":5305},"end":{"line":171,"column":1}},"locations":[{"start":{"line":1,"column":5305},"end":{"line":171,"column":1}}]}},"b":{"0":[1]},"fnMap":{"0":{"name":"(empty-report)","decl":{"start":{"line":1,"column":5305},"end":{"line":171,"column":1}},"loc":{"start":{"line":1,"column":5305},"end":{"line":171,"column":1}},"line":1}},"f":{"0":1}}
,"/Volumes/satechi/webdev/icjia-metapeek/app/composables/useSpaDetection.ts": {"path":"/Volumes/satechi/webdev/icjia-metapeek/app/composables/useSpaDetection.ts","all":true,"statementMap":{"16":{"start":{"line":17,"column":0},"end":{"line":17,"column":35}},"21":{"start":{"line":22,"column":0},"end":{"line":22,"column":63}},"22":{"start":{"line":23,"column":0},"end":{"line":23,"column":27}},"23":{"start":{"line":24,"column":0},"end":{"line":24,"column":31}},"24":{"start":{"line":25,"column":0},"end":{"line":25,"column":34}},"25":{"start":{"line":26,"column":0},"end":{"line":26,"column":32}},"26":{"start":{"line":27,"column":0},"end":{"line":27,"column":34}},"27":{"start":{"line":28,"column":0},"end":{"line":28,"column":32}},"28":{"start":{"line":29,"column":0},"end":{"line":29,"column":49}},"29":{"start":{"line":30,"column":0},"end":{"line":30,"column":48}},"30":{"start":{"line":31,"column":0},"end":{"line":31,"column":5}},"32":{"start":{"line":33,"column":0},"end":{"line":33,"column":67}},"33":{"start":{"line":34,"column":0},"end":{"line":34,"column":3}},"38":{"start":{"line":39,"column":0},"end":{"line":39,"column":67}},"40":{"start":{"line":41,"column":0},"end":{"line":41,"column":36}},"41":{"start":{"line":42,"column":0},"end":{"line":42,"column":49}},"42":{"start":{"line":43,"column":0},"end":{"line":43,"column":47}},"43":{"start":{"line":44,"column":0},"end":{"line":44,"column":53}},"44":{"start":{"line":45,"column":0},"end":{"line":45,"column":30}},"45":{"start":{"line":46,"column":0},"end":{"line":46,"column":27}},"46":{"start":{"line":47,"column":0},"end":{"line":47,"column":13}},"48":{"start":{"line":49,"column":0},"end":{"line":49,"column":36}},"49":{"start":{"line":50,"column":0},"end":{"line":50,"column":3}},"54":{"start":{"line":55,"column":0},"end":{"line":55,"column":67}},"55":{"start":{"line":56,"column":0},"end":{"line":56,"column":36}},"56":{"start":{"line":57,"column":0},"end":{"line":57,"column":49}},"57":{"start":{"line":58,"column":0},"end":{"line":58,"column":47}},"58":{"start":{"line":59,"column":0},"end":{"line":59,"column":53}},"59":{"start":{"line":60,"column":0},"end":{"line":60,"column":30}},"60":{"start":{"line":61,"column":0},"end":{"line":61,"column":27}},"61":{"start":{"line":62,"column":0},"end":{"line":62,"column":13}},"63":{"start":{"line":64,"column":0},"end":{"line":64,"column":36}},"64":{"start":{"line":65,"column":0},"end":{"line":65,"column":3}},"69":{"start":{"line":70,"column":0},"end":{"line":70,"column":56}},"70":{"start":{"line":71,"column":0},"end":{"line":71,"column":28}},"72":{"start":{"line":73,"column":0},"end":{"line":73,"column":27}},"73":{"start":{"line":74,"column":0},"end":{"line":74,"column":17}},"74":{"start":{"line":75,"column":0},"end":{"line":75,"column":18}},"75":{"start":{"line":76,"column":0},"end":{"line":76,"column":16}},"76":{"start":{"line":77,"column":0},"end":{"line":77,"column":20}},"77":{"start":{"line":78,"column":0},"end":{"line":78,"column":19}},"78":{"start":{"line":79,"column":0},"end":{"line":79,"column":16}},"79":{"start":{"line":80,"column":0},"end":{"line":80,"column":13}},"80":{"start":{"line":81,"column":0},"end":{"line":81,"column":19}},"81":{"start":{"line":82,"column":0},"end":{"line":82,"column":16}},"82":{"start":{"line":83,"column":0},"end":{"line":83,"column":16}},"83":{"start":{"line":84,"column":0},"end":{"line":84,"column":13}},"84":{"start":{"line":85,"column":0},"end":{"line":85,"column":5}},"86":{"start":{"line":87,"column":0},"end":{"line":87,"column":49}},"87":{"start":{"line":88,"column":0},"end":{"line":88,"column":98}},"88":{"start":{"line":89,"column":0},"end":{"line":89,"column":3}},"93":{"start":{"line":94,"column":0},"end":{"line":94,"column":74}},"94":{"start":{"line":95,"column":0},"end":{"line":95,"column":82}},"95":{"start":{"line":96,"column":0},"end":{"line":96,"column":62}},"97":{"start":{"line":98,"column":0},"end":{"line":98,"column":37}},"98":{"start":{"line":99,"column":0},"end":{"line":99,"column":3}},"103":{"start":{"line":104,"column":0},"end":{"line":104,"column":63}},"105":{"start":{"line":106,"column":0},"end":{"line":106,"column":36}},"106":{"start":{"line":107,"column":0},"end":{"line":107,"column":49}},"107":{"start":{"line":108,"column":0},"end":{"line":108,"column":47}},"108":{"start":{"line":109,"column":0},"end":{"line":109,"column":30}},"109":{"start":{"line":110,"column":0},"end":{"line":110,"column":13}},"111":{"start":{"line":112,"column":0},"end":{"line":112,"column":36}},"112":{"start":{"line":113,"column":0},"end":{"line":113,"column":3}},"117":{"start":{"line":118,"column":0},"end":{"line":118,"column":65}},"118":{"start":{"line":119,"column":0},"end":{"line":119,"column":31}},"119":{"start":{"line":120,"column":0},"end":{"line":120,"column":16}},"120":{"start":{"line":121,"column":0},"end":{"line":121,"column":23}},"121":{"start":{"line":122,"column":0},"end":{"line":122,"column":15}},"122":{"start":{"line":123,"column":0},"end":{"line":123,"column":17}},"123":{"start":{"line":124,"column":0},"end":{"line":124,"column":24}},"124":{"start":{"line":125,"column":0},"end":{"line":125,"column":27}},"125":{"start":{"line":126,"column":0},"end":{"line":126,"column":5}},"127":{"start":{"line":128,"column":0},"end":{"line":128,"column":71}},"128":{"start":{"line":129,"column":0},"end":{"line":129,"column":3}},"134":{"start":{"line":135,"column":0},"end":{"line":135,"column":58}},"135":{"start":{"line":136,"column":0},"end":{"line":136,"column":28}},"136":{"start":{"line":137,"column":0},"end":{"line":137,"column":78}},"137":{"start":{"line":138,"column":0},"end":{"line":138,"column":17}},"138":{"start":{"line":139,"column":0},"end":{"line":139,"column":14}},"139":{"start":{"line":140,"column":0},"end":{"line":140,"column":19}},"140":{"start":{"line":141,"column":0},"end":{"line":141,"column":35}},"141":{"start":{"line":142,"column":0},"end":{"line":142,"column":35}},"142":{"start":{"line":143,"column":0},"end":{"line":143,"column":5}},"144":{"start":{"line":145,"column":0},"end":{"line":145,"column":68}},"145":{"start":{"line":146,"column":0},"end":{"line":146,"column":3}},"168":{"start":{"line":169,"column":0},"end":{"line":169,"column":82}},"169":{"start":{"line":170,"column":0},"end":{"line":170,"column":17}},"170":{"start":{"line":171,"column":0},"end":{"line":171,"column":32}},"172":{"start":{"line":173,"column":0},"end":{"line":173,"column":54}},"173":{"start":{"line":174,"column":0},"end":{"line":174,"column":118}},"176":{"start":{"line":177,"column":0},"end":{"line":177,"column":22}},"177":{"start":{"line":178,"column":0},"end":{"line":178,"column":16}},"178":{"start":{"line":179,"column":0},"end":{"line":179,"column":78}},"179":{"start":{"line":180,"column":0},"end":{"line":180,"column":5}},"183":{"start":{"line":184,"column":0},"end":{"line":184,"column":45}},"184":{"start":{"line":185,"column":0},"end":{"line":185,"column":16}},"185":{"start":{"line":186,"column":0},"end":{"line":186,"column":92}},"186":{"start":{"line":187,"column":0},"end":{"line":187,"column":5}},"189":{"start":{"line":190,"column":0},"end":{"line":190,"column":36}},"190":{"start":{"line":191,"column":0},"end":{"line":191,"column":16}},"191":{"start":{"line":192,"column":0},"end":{"line":192,"column":94}},"192":{"start":{"line":193,"column":0},"end":{"line":193,"column":5}},"195":{"start":{"line":196,"column":0},"end":{"line":196,"column":38}},"196":{"start":{"line":197,"column":0},"end":{"line":197,"column":16}},"197":{"start":{"line":198,"column":0},"end":{"line":198,"column":73}},"198":{"start":{"line":199,"column":0},"end":{"line":199,"column":5}},"201":{"start":{"line":202,"column":0},"end":{"line":202,"column":42}},"202":{"start":{"line":203,"column":0},"end":{"line":203,"column":16}},"203":{"start":{"line":204,"column":0},"end":{"line":204,"column":72}},"204":{"start":{"line":205,"column":0},"end":{"line":205,"column":5}},"207":{"start":{"line":208,"column":0},"end":{"line":208,"column":43}},"208":{"start":{"line":209,"column":0},"end":{"line":209,"column":16}},"209":{"start":{"line":210,"column":0},"end":{"line":210,"column":71}},"210":{"start":{"line":211,"column":0},"end":{"line":211,"column":5}},"214":{"start":{"line":215,"column":0},"end":{"line":215,"column":43}},"215":{"start":{"line":216,"column":0},"end":{"line":216,"column":16}},"216":{"start":{"line":217,"column":0},"end":{"line":217,"column":151}},"217":{"start":{"line":218,"column":0},"end":{"line":218,"column":5}},"220":{"start":{"line":221,"column":0},"end":{"line":221,"column":45}},"221":{"start":{"line":222,"column":0},"end":{"line":222,"column":16}},"222":{"start":{"line":223,"column":0},"end":{"line":223,"column":118}},"223":{"start":{"line":224,"column":0},"end":{"line":224,"column":5}},"226":{"start":{"line":227,"column":0},"end":{"line":227,"column":21}},"227":{"start":{"line":228,"column":0},"end":{"line":228,"column":53}},"229":{"start":{"line":230,"column":0},"end":{"line":230,"column":21}},"230":{"start":{"line":231,"column":0},"end"
[...]
283":{"start":{"line":284,"column":0},"end":{"line":284,"column":41}},"284":{"start":{"line":285,"column":0},"end":{"line":285,"column":51}},"285":{"start":{"line":286,"column":0},"end":{"line":286,"column":66}},"286":{"start":{"line":287,"column":0},"end":{"line":287,"column":39}},"287":{"start":{"line":288,"column":0},"end":{"line":288,"column":49}},"290":{"start":{"line":291,"column":0},"end":{"line":291,"column":40}},"291":{"start":{"line":292,"column":0},"end":{"line":292,"column":3}},"293":{"start":{"line":294,"column":0},"end":{"line":294,"column":40}},"294":{"start":{"line":295,"column":0},"end":{"line":295,"column":1}}},"s":{"3":1,"4":1,"5":1,"13":1,"14":1,"15":1,"16":1,"17":1,"18":1,"19":1,"20":1,"30":16,"32":16,"33":2,"34":2,"37":16,"38":1,"39":1,"40":1,"41":1,"42":1,"45":13,"46":13,"47":13,"48":16,"49":1,"50":1,"53":12,"54":12,"55":0,"56":12,"57":12,"58":0,"60":16,"61":4,"62":4,"63":4,"64":4,"65":4,"68":8,"69":16,"70":4,"71":4,"75":4,"78":4,"79":4,"80":2,"82":16,"83":4,"84":0,"85":0,"86":0,"87":0,"88":0,"89":4,"90":2,"92":2,"95":4,"96":4,"97":2,"99":16,"100":4,"101":0,"102":0,"103":0,"104":0,"105":0,"106":4,"107":2,"109":2,"112":16,"113":2,"114":2,"115":2,"116":2,"117":2,"120":2,"121":2,"131":1,"132":34,"135":34,"136":3,"137":3,"139":31,"142":34,"145":34,"148":34,"151":34,"154":34,"157":34,"160":34,"163":34,"165":7,"166":7,"177":1,"178":23,"181":23,"182":2,"183":2,"186":21,"193":23,"194":3,"195":3,"198":18,"199":18,"200":15,"201":15,"202":15,"203":23,"204":4,"205":4,"208":23,"209":3,"210":3,"214":23,"216":3,"219":3,"220":3,"221":3,"226":0,"227":0,"230":23,"231":2,"232":2,"234":6,"235":6,"241":1,"242":5,"243":5,"245":3,"249":3,"250":3,"251":3,"252":3,"254":3,"255":3,"261":1,"262":4,"263":4,"264":4,"265":4,"266":4,"268":3,"269":3,"270":3,"276":1,"277":8,"279":5,"282":5,"283":4,"284":5,"285":5,"286":2,"287":5,"290":1,"291":1,"293":3,"294":3},"branchMap":{"0":{"type":"branch","line":31,"loc":{"start":{"line":31,"column":0},"end":{"line":122,"column":1}},"locations":[{"start":{"line":31,"column":0},"end":{"line":122,"column":1}}]},"1":{"type":"branch","line":33,"loc":{"start":{"line":33,"column":23},"end":{"line":33,"column":62}},"locations":[{"start":{"line":33,"column":23},"end":{"line":33,"column":62}}]},"2":{"type":"branch","line":33,"loc":{"start":{"line":33,"column":62},"end":{"line":35,"column":3}},"locations":[{"start":{"line":33,"column":62},"end":{"line":35,"column":3}}]},"3":{"type":"branch","line":35,"loc":{"start":{"line":35,"column":2},"end":{"line":38,"column":56}},"locations":[{"start":{"line":35,"column":2},"end":{"line":38,"column":56}}]},"4":{"type":"branch","line":38,"loc":{"start":{"line":38,"column":56},"end":{"line":43,"column":3}},"locations":[{"start":{"line":38,"column":56},"end":{"line":43,"column":3}}]},"5":{"type":"branch","line":43,"loc":{"start":{"line":43,"column":2},"end":{"line":49,"column":10}},"locations":[{"start":{"line":43,"column":2},"end":{"line":49,"column":10}}]},"6":{"type":"branch","line":49,"loc":{"start":{"line":49,"column":2},"end":{"line":51,"column":3}},"locations":[{"start":{"line":49,"column":2},"end":{"line":51,"column":3}}]},"7":{"type":"branch","line":51,"loc":{"start":{"line":51,"column":2},"end":{"line":55,"column":41}},"locations":[{"start":{"line":51,"column":2},"end":{"line":55,"column":41}}]},"8":{"type":"branch","line":55,"loc":{"start":{"line":55,"column":29},"end":{"line":56,"column":18}},"locations":[{"start":{"line":55,"column":29},"end":{"line":56,"column":18}}]},"9":{"type":"branch","line":56,"loc":{"start":{"line":56,"column":17},"end":{"line":59,"column":21}},"locations":[{"start":{"line":56,"column":17},"end":{"line":59,"column":21}}]},"10":{"type":"branch","line":58,"loc":{"start":{"line":58,"column":28},"end":{"line":59,"column":21}},"locations":[{"start":{"line":58,"column":28},"end":{"line":59,"column":21}}]},"11":{"type":"branch","line":61,"loc":{"start":{"line":61,"column":51},"end":{"line":66,"column":3}},"locations":[{"start":{"line":61,"column":51},"end":{"line":66,"column":3}}]},"12":{"type":"branch","line":64,"loc":{"start":{"line":64,"column":84},"end":{"line":64,"column":142}},"locations":[{"start":{"line":64,"column":84},"end":{"line":64,"column":142}}]},"13":{"type":"branch","line":66,"loc":{"start":{"line":66,"column":2},"end":{"line":70,"column":39}},"locations":[{"start":{"line":66,"column":2},"end":{"line":70,"column":39}}]},"14":{"type":"branch","line":70,"loc":{"start":{"line":70,"column":39},"end":{"line":80,"column":59}},"locations":[{"start":{"line":70,"column":39},"end":{"line":80,"column":59}}]},"15":{"type":"branch","line":80,"loc":{"start":{"line":80,"column":57},"end":{"line":83,"column":35}},"locations":[{"start":{"line":80,"column":57},"end":{"line":83,"column":35}}]},"16":{"type":"branch","line":83,"loc":{"start":{"line":83,"column":35},"end":{"line":90,"column":5}},"locations":[{"start":{"line":83,"column":35},"end":{"line":90,"column":5}}]},"17":{"type":"branch","line":84,"loc":{"start":{"line":84,"column":29},"end":{"line":89,"column":7}},"locations":[{"start":{"line":84,"column":29},"end":{"line":89,"column":7}}]},"18":{"type":"branch","line":90,"loc":{"start":{"line":90,"column":4},"end":{"line":93,"column":3}},"locations":[{"start":{"line":90,"column":4},"end":{"line":93,"column":3}}]},"19":{"type":"branch","line":93,"loc":{"start":{"line":93,"column":2},"end":{"line":97,"column":59}},"locations":[{"start":{"line":93,"column":2},"end":{"line":97,"column":59}}]},"20":{"type":"branch","line":97,"loc":{"start":{"line":97,"column":57},"end":{"line":100,"column":35}},"locations":[{"start":{"line":97,"column":57},"end":{"line":100,"column":35}}]},"21":{"type":"branch","line":100,"loc":{"start":{"line":100,"column":35},"end":{"line":107,"column":5}},"locations":[{"start":{"line":100,"column":35},"end":{"line":107,"column":5}}]},"22":{"type":"branch","line":101,"loc":{"start":{"line":101,"column":31},"end":{"line":106,"column":7}},"locations":[{"start":{"line":101,"column":31},"end":{"line":106,"column":7}}]},"23":{"type":"branch","line":107,"loc":{"start":{"line":107,"column":4},"end":{"line":110,"column":3}},"locations":[{"start":{"line":107,"column":4},"end":{"line":110,"column":3}}]},"24":{"type":"branch","line":110,"loc":{"start":{"line":110,"column":2},"end":{"line":113,"column":24}},"locations":[{"start":{"line":110,"column":2},"end":{"line":113,"column":24}}]},"25":{"type":"branch","line":113,"loc":{"start":{"line":113,"column":24},"end":{"line":122,"column":1}},"locations":[{"start":{"line":113,"column":24},"end":{"line":122,"column":1}}]},"26":{"type":"branch","line":132,"loc":{"start":{"line":132,"column":7},"end":{"line":167,"column":1}},"locations":[{"start":{"line":132,"column":7},"end":{"line":167,"column":1}}]},"27":{"type":"branch","line":136,"loc":{"start":{"line":136,"column":23},"end":{"line":136,"column":77}},"locations":[{"start":{"line":136,"column":23},"end":{"line":136,"column":77}}]},"28":{"type":"branch","line":136,"loc":{"start":{"line":136,"column":77},"end":{"line":138,"column":3}},"locations":[{"start":{"line":136,"column":77},"end":{"line":138,"column":3}}]},"29":{"type":"branch","line":138,"loc":{"start":{"line":138,"column":2},"end":{"line":143,"column":23}},"locations":[{"start":{"line":138,"column":2},"end":{"line":143,"column":23}}]},"30":{"type":"branch","line":143,"loc":{"start":{"line":143,"column":16},"end":{"line":143,"column":28}},"locations":[{"start":{"line":143,"column":16},"end":{"line":143,"column":28}}]},"31":{"type":"branch","line":143,"loc":{"start":{"line":143,"column":23},"end":{"line":146,"column":19}},"locations":[{"start":{"line":143,"column":23},"end":{"line":146,"column":19}}]},"32":{"type":"branch","line":146,"loc":{"start":{"line":146,"column":12},"end":{"line":146,"column":30}},"locations":[{"start":{"line":146,"column":12},"end":{"line":146,"column":30}}]},"33":{"type":"branch","line":146,"loc":{"start":{"line":146,"column":24},"end":{"line":146,"column":39}},"locations":[{"start":{"line":146,"column":24},"end":{"line":146,"column":39}}]},"34":{"type":"branch","line":146,"loc":{"start":{"line":146,"column":39},"end":{"line":146,"column":51}},"locations":[{"start":{"line":146,"column":39},"end":{"line":146,"column":51}}]},"35":{"type":"branch","line":146,"loc":{"start":{"line":146,"column":46},"end":{"line":149,"column":19}},"locations":[{"start":{"line":146,"column":46},"end":{"line":149,"column":19}}]},"36":{"type":"branch","line":149,"loc":{"start":{"line":149,"column":12},"end":{"line":149,"column":30}},"locations":[{"start":{"line":149,"column":12},"end":{"line":149,"column":30}}]},"37":{"type":"branch","line":149,"loc":{"start":{"line":149,"column":30},"end":{"line":149,"column":42}},"locations":[{"start":{"line":149,"column":30},"end":{"line":149,"column":42}}]},"38":{"type":"branch","line":149,"loc":{"start":{"line":149,"column":37},"end":{"line":152,"column":24}},"locations":[{"start":{"line":149,"column":37},"end":{"line":152,"column":24}}]},"39":{"type":"branch","line":152,"loc":{"start":{"line":152,"column":17},"end":{"line":152,"column":29}},"locations":[{"start":{"line":152,"column":17},"end":{"line":152,"column":29}}]},"40":{"type":"branch","line":152,"loc":{"start":{"line":152,"column":24},"end":{"line":155,"column":19}},"locations":[{"start":{"line":152,"column":24},"end":{"line":155,"column":19}}]},"41":{"type":"branch","line":155,"loc":{"start":{"line":155,"column":12},"end":{"line":155,"column":30}},"locations":[{"start":{"line":155,"column":12},"end":{"line":155,"column":30}}]},"42":{"type":"branch","line":155,"loc":{"start":{"line":155,"column":30},"end":{"line":155,"column":42}},"locations":[{"start":{"line":155,"column":30},"end":{"line":155,"column":42}}]},"43":{"type":"branch","line":155,"loc":{"start":{"line":155,"column":37},"end":{"line":158,"column":22}},"locations":[{"start":{"line":155,"column":37},"end":{"line":158,"column":22}}]},"44":{"type":"branch","line":158,"loc":{"start":{"line":158,"column":15},"end":{"line":158,"column":27}},"locations":[{"start":{"line":158,"column":15},"end":{"line":158,"column":27}}]},"45":{"type":"branch","line":158,"loc":{"start":{"line":158,"column":22},"end":{"line":161,"column":18}},"locations":[{"start":{"line":158,"column":22},"end":{"line":161,"column":18}}]},"46":{"type":"branch","line":161,"loc":{"start":{"line":161,"column":11},"end":{"line":161,"column":28}},"locations":[{"start":{"line":161,"column":11},"end":{"line":161,"column":28}}]},"47":{"type":"branch","line":161,"loc":{"start":{"line":161,"column":28},"end":{"line":161,"column":40}},"locations":[{"start":{"line":161,"column":28},"end":{"line":161,"column":40}}]},"48":{"type":"branch","line":161,"loc":{"start":{"line":161,"column":35},"end":{"line":164,"column":23}},"locations":[{"start":{"line":161,"column":35},"end":{"line":164,"column":23}}]},"49":{"type":"branch","line":164,"loc":{"start":{"line":164,"column":16},"end":{"line":164,"column":28}},"locations":[{"start":{"line":164,"column":16},"end":{"line":164,"column":28}}]},"50":{"type":"branch","line":164,"loc":{"start":{"line":164,"column":23},"end":{"line":167,"column":1}},"locations":[{"start":{"line":164,"column":23},"end":{"line":167,"column":1}}]},"51":{"type":"branch","line":136,"loc":{"start":{"line":136,"column":39},"end":{"line":136,"column":74}},"locations":[{"start":{"line":136,"column":39},"end":{"line":136,"column":74}}]},"52":{"type":"branch","line":178,"loc":{"start":{"line":178,"column":7},"end":{"line":236,"column":1}},"locations":[{"start":{"line":178,"column":7},"end":{"line":236,"column":1}}]},"53":{"type":"branch","line":182,"loc":{"start":{"line":182,"column":21},"end":{"line":182,"column":56}},"locations":[{"start":{"line":182,"column":21},"end":{"line":182,"column":56}}]},"54":{"type":"branch","line":182,"loc":{"start":{"line":182,"column":56},"end":{"line":184,"column":3}},"locations":[{"start":{"line":182,"column":56},"end":{"line":184,"column":3}}]},"55":{"type":"branch","line":184,"loc":{"start":{"line":184,"column":2},"end":{"line":194,"column":38}},"locations":[{"start":{"line":184,"column":2},"end":{"line":194,"column":38}}]},"56":{"type":"branch","line":194,"loc":{"start":{"line":194,"column":33},"end":{"line":194,"column":68}},"locations":[{"start":{"line":194,"column":33},"end":{"line":194,"column":68}}]},"57":{"type":"branch","line":194,"loc":{"start":{"line":194,"column":68},"end":{"line":196,"column":3}},"locations":[{"start":{"line":194,"column":68},"end":{"line":196,"column":3}}]},"58":{"type":"branch","line":196,"loc":{"start":{"line":196,"column":2},"end":{"line":200,"column":36}},"locations":[{"start":{"line":196,"column":2},"end":{"line":200,"column":36}}]},"59":{"type":"branch","line":200,"loc":{"start":{"line":200,"column":32},"end":{"line":201,"column":36}},"locations":[{"start":{"line":200,"column":32},"end":{"line":201,"column":36}}]},"60":{"type":"branch","line":201,"loc":{"start":{"line":201,"column":32},"end":{"line":202,"column":36}},"locations":[{"start":{"line":201,"column":32},"end":{"line":202,"column":36}}]},"61":{"type":"branch","line":202,"loc":{"start":{"line":202,"column":32},"end":{"line":203,"column":33}},"locations":[{"start":{"line":202,"column":32},"end":{"line":203,"column":33}}]},"62":{"type":"branch","line":204,"loc":{"start":{"line":204,"column":4},"end":{"line":206,"column":3}},"locations":[{"start":{"line":204,"column":4},"end":{"line":206,"column":3}}]},"63":{"type":"branch","line":206,"loc":{"start":{"line":206,"column":2},"end":{"line":209,"column":36}},"locations":[{"start":{"line":206,"column":2},"end":{"line":209,"column":36}}]},"64":{"type":"branch","line":209,"loc":{"start":{"line":209,"column":36},"end":{"line":211,"column":3}},"locations":[{"start":{"line":209,"column":36},"end":{"line":211,"column":3}}]},"65":{"type":"branch","line":211,"loc":{"start":{"line":211,"column":2},"end":{"line":215,"column":39}},"locations":[{"start":{"line":211,"column":2},"end":{"line":215,"column":39}}]},"66":{"type":"branch","line":215,"loc":{"start":{"line":215,"column":39},"end":{"line":228,"column":3}},"locations":[{"start":{"line":215,"column":39},"end":{"line":228,"column":3}}]},"67":{"type":"branch","line":222,"loc":{"start":{"line":222,"column":4},"end":{"line":228,"column":3}},"locations":[{"start":{"line":222,"column":4},"end":{"line":228,"column":3}}]},"68":{"type":"branch","line":228,"loc":{"start":{"line":228,"column":2},"end":{"line":231,"column":29}},"locations":[{"start":{"line":228,"column":2},"end":{"line":231,"column":29}}]},"69":{"type":"branch","line":231,"loc":{"start":{"line":231,"column":21},"end":{"line":231,"column":54}},"locations":[{"start":{"line":231,"column":21},"end":{"line":231,"column":54}}]},"70":{"type":"branch","line":231,"loc":{"start":{"line":231,"column":54},"end":{"line":233,"column":3}},"locations":[{"start":{"line":231,"column":54},"end":{"line":233,"column":3}}]},"71":{"type":"branch","line":233,"loc":{"start":{"line":233,"column":2},"end":{"line":236,"column":1}},"locations":[{"start":{"line":233,"column":2},"end":{"line":236,"column":1}}]},"72":{"type":"branch","line":242,"loc":{"start":{"line":242,"column":7},"end":{"line":256,"column":1}},"locations":[{"start":{"line":242,"column":7},"end":{"line":256,"column":1}}]},"73":{"type":"branch","line":244,"loc":{"start":{"line":244,"column":18},"end":{"line":244,"column":28}},"locations":[{"start":{"line":244,"column":18},"end":{"line":244,"column":28}}]},"74":{"type":"branch","line":244,"loc":{"start":{"line":244,"column":25},"end":{"line":256,"column":1}},"locations":[{"start":{"line":244,"column":25},"end":{"line":256,"column":1}}]},"75":{"type":"branch","line":262,"loc":{"start":{"line":262,"column":7},"end":{"line":271,"column":1}},"locations":[{"start":{"line":262,"column":7},"end":{"line":271,"column":1}}]},"76":{"type":"branch","line":267,"loc":{"start":{"line":267,"column":18},"end":{"line":267,"column":28}},"locations":[{"start":{"line":267,"column":18},"end":{"line":267,"column":28}}]},"77":{"type":"branch","line":267,"loc":{"start":{"line":267,"column":25},"end":{"line":271,"column":1}},"locations":[{"start":{"line":267,"column":25},"end":{"line":271,"column":1}}]},"78":{"type":"branch","line":277,"loc":{"start":{"line":277,"column":7},"end":{"line":295,"column":1}},"locations":[{"start":{"line":277,"column":7},"end":{"line":295,"column":1}}]},"79":{"type":"branch","line":278,"loc":{"start":{"line":278,"column":30},"end":{"line":292,"column":3}},"locations":[{"start":{"line":278,"column":30},"end":{"line":292,"column":3}}]},"80":{"type":"branch","line":283,"loc":{"start":{"line":283,"column":39},"end":{"line":283,"column":75}},"locations":[{"start":{"line":283,"column":39},"end":{"line":283,"column":75}}]},"81":{"type":"branch","line":283,"loc":{"start":{"line":283,"column":46},"end":{"line":285,"column":13}},"locations":[{"start":{"line":283,"column":46},"end":{"line":285,"column":13}}]},"82":{"type":"branch","line":285,"loc":{"start":{"line":285,"column":6},"end":{"line":285,"column":51}},"locations":[{"start":{"line":285,"column":6},"end":{"line":285,"column":51}}]},"83":{"type":"branch","line":285,"loc":{"start":{"line":285,"column":13},"end":{"line":286,"column":46}},"locations":[{"start":{"line":285,"column":13},"end":{"line":286,"column":46}}]},"84":{"type":"branch","line":286,"loc":{"start":{"line":286,"column":39},"end":{"line":286,"column":66}},"locations":[{"start":{"line":286,"column":39},"end":{"line":286,"column":66}}]},"85":{"type":"branch","line":286,"loc":{"start":{"line":286,"column":46},"end":{"line":288,"column":13}},"locations":[{"start":{"line":286,"column":46},"end":{"line":288,"column":13}}]},"86":{"type":"branch","line":288,"loc":{"start":{"line":288,"column":6},"end":{"line":292,"column":3}},"locations":[{"start":{"line":288,"column":6},"end":{"line":292,"column":3}}]},"87":{"type":"branch","line":292,"loc":{"start":{"line":292,"column":2},"end":{"line":295,"column":1}},"locations":[{"start":{"line":292,"column":2},"end":{"line":295,"column":1}}]}},"b":{"0":[16],"1":[15],"2":[2],"3":[14],"4":[1],"5":[13],"6":[1],"7":[12],"8":[0],"9":[12],"10":[0],"11":[4],"12":[0],"13":[8],"14":[4],"15":[2],"16":[4],"17":[0],"18":[2],"19":[4],"20":[2],"21":[4],"22":[0],"23":[2],"24":[4],"25":[2],"26":[34],"27":[32],"28":[3],"29":[31],"30":[4],"31":[27],"32":[3],"33":[3],"34":[3],"35":[24],"36":[4],"37":[4],"38":[20],"39":[4],"40":[16],"41":[3],"42":[3],"43":[13],"44":[2],"45":[11],"46":[4],"47":[2],"48":[9],"49":[2],"50":[7],"51":[125],"52":[23],"53":[22],"54":[2],"55":[21],"56":[20],"57":[3],"58":[18],"59":[15],"60":[15],"61":[15],"62":[4],"63":[14],"64":[3],"65":[11],"66":[3],"67":[0],"68":[8],"69":[7],"70":[2],"71":[6],"72":[5],"73":[2],"74":[3],"75":[4],"76":[1],"77":[3],"78":[8],"79":[5],"80":[1],"81":[4],"82":[1],"83":[3],"84":[1],"85":[2],"86":[1],"87":[3]},"fnMap":{"0":{"name":"validateUrl","decl":{"start":{"line":31,"column":0},"end":{"line":122,"column":1}},"loc":{"start":{"line":31,"column":0},"end":{"line":122,"column":1}},"line":31},"1":{"name":"isPrivateIp","decl":{"start":{"line":132,"column":7},"end":{"line":167,"column":1}},"loc":{"start":{"line":132,"column":7},"end":{"line":167,"column":1}},"line":132},"2":{"name":"isPrivateIpv6","decl":{"start":{"line":178,"column":7},"end":{"line":236,"column":1}},"loc":{"start":{"line":178,"column":7},"end":{"line":236,"column":1}},"line":178},"3":{"name":"extractHead","decl":{"start":{"line":242,"column":7},"end":{"line":256,"column":1}},"loc":{"start":{"line":242,"column":7},"end":{"line":256,"column":1}},"line":242},"4":{"name":"extractBodySnippet","decl":{"start":{"line":262,"column":7},"end":{"line":271,"column":1}},"loc":{"start":{"line":262,"column":7},"end":{"line":271,"column":1}},"line":262},"5":{"name":"sanitizeErrorMessage","decl":{"start":{"line":277,"column":7},"end":{"line":295,"column":1}},"loc":{"start":{"line":277,"column":7},"end":{"line":295,"column":1}},"line":277}},"f":{"0":16,"1":34,"2":23,"3":5,"4":4,"5":8}}
}
