{"/Volumes/satechi/webdev/icjia-metapeek/app/composables/useDiagnostics.ts": {"path":"/Volumes/satechi/webdev/icjia-metapeek/app/composables/useDiagnostics.ts","all":false,"statementMap":{"3":{"start":{"line":4,"column":0},"end":{"line":4,"column":42}},"5":{"start":{"line":6,"column":0},"end":{"line":6,"column":37}},"6":{"start":{"line":7,"column":0},"end":{"line":7,"column":64}},"8":{"start":{"line":9,"column":0},"end":{"line":9,"column":40}},"11":{"start":{"line":12,"column":0},"end":{"line":12,"column":58}},"14":{"start":{"line":15,"column":0},"end":{"line":15,"column":39}},"17":{"start":{"line":18,"column":0},"end":{"line":18,"column":47}},"20":{"start":{"line":21,"column":0},"end":{"line":21,"column":63}},"23":{"start":{"line":24,"column":0},"end":{"line":24,"column":52}},"26":{"start":{"line":27,"column":0},"end":{"line":27,"column":43}},"29":{"start":{"line":30,"column":0},"end":{"line":30,"column":44}},"30":{"start":{"line":31,"column":0},"end":{"line":31,"column":73}},"31":{"start":{"line":32,"column":0},"end":{"line":32,"column":6}},"33":{"start":{"line":34,"column":0},"end":{"line":34,"column":12}},"34":{"start":{"line":35,"column":0},"end":{"line":35,"column":14}},"35":{"start":{"line":36,"column":0},"end":{"line":36,"column":12}},"36":{"start":{"line":37,"column":0},"end":{"line":37,"column":18}},"37":{"start":{"line":38,"column":0},"end":{"line":38,"column":13}},"38":{"start":{"line":39,"column":0},"end":{"line":39,"column":14}},"39":{"start":{"line":40,"column":0},"end":{"line":40,"column":18}},"40":{"start":{"line":41,"column":0},"end":{"line":41,"column":16}},"41":{"start":{"line":42,"column":0},"end":{"line":42,"column":12}},"42":{"start":{"line":43,"column":0},"end":{"line":43,"column":5}},"43":{"start":{"line":44,"column":0},"end":{"line":44,"column":3}},"45":{"start":{"line":46,"column":0},"end":{"line":46,"column":60}},"46":{"start":{"line":47,"column":0},"end":{"line":47,"column":17}},"47":{"start":{"line":48,"column":0},"end":{"line":48,"column":14}},"48":{"start":{"line":49,"column":0},"end":{"line":49,"column":22}},"49":{"start":{"line":50,"column":0},"end":{"line":50,"column":22}},"50":{"start":{"line":51,"column":0},"end":{"line":51,"column":37}},"51":{"start":{"line":52,"column":0},"end":{"line":52,"column":69}},"52":{"start":{"line":53,"column":0},"end":{"line":53,"column":7}},"53":{"start":{"line":54,"column":0},"end":{"line":54,"column":5}},"55":{"start":{"line":56,"column":0},"end":{"line":56,"column":45}},"56":{"start":{"line":57,"column":0},"end":{"line":57,"column":14}},"57":{"start":{"line":58,"column":0},"end":{"line":58,"column":25}},"58":{"start":{"line":59,"column":0},"end":{"line":59,"column":24}},"59":{"start":{"line":60,"column":0},"end":{"line":60,"column":85}},"60":{"start":{"line":61,"column":0},"end":{"line":61,"column":92}},"61":{"start":{"line":62,"column":0},"end":{"line":62,"column":7}},"62":{"start":{"line":63,"column":0},"end":{"line":63,"column":5}},"64":{"start":{"line":65,"column":0},"end":{"line":65,"column":12}},"65":{"start":{"line":66,"column":0},"end":{"line":66,"column":22}},"66":{"start":{"line":67,"column":0},"end":{"line":67,"column":20}},"67":{"start":{"line":68,"column":0},"end":{"line":68,"column":53}},"68":{"start":{"line":69,"column":0},"end":{"line":69,"column":5}},"69":{"start":{"line":70,"column":0},"end":{"line":70,"column":3}},"71":{"start":{"line":72,"column":0},"end":{"line":72,"column":72}},"72":{"start":{"line":73,"column":0},"end":{"line":73,"column":23}},"73":{"start":{"line":74,"column":0},"end":{"line":74,"column":14}},"74":{"start":{"line":75,"column":0},"end":{"line":75,"column":22}},"75":{"start":{"line":76,"column":0},"end":{"line":76,"column":22}},"76":{"start":{"line":77,"column":0},"end":{"line":77,"column":44}},"77":{"start":{"line":78,"column":0},"end":{"line":78,"column":65}},"78":{"start":{"line":79,"column":0},"end":{"line":79,"column":7}},"79":{"start":{"line":80,"column":0},"end":{"line":80,"column":5}},"81":{"start":{"line":82,"column":0},"end":{"line":82,"column":57}},"82":{"start":{"line":83,"column":0},"end":{"line":83,"column":14}},"83":{"start":{"line":84,"column":0},"end":{"line":84,"column":25}},"84":{"start":{"line":85,"column":0},"end":{"line":85,"column":24}},"85":{"start":{"line":86,"column":0},"end":{"line":86,"column":103}},"86":{"start":{"line":87,"column":0},"end":{"line":87,"column":81}},"87":{"start":{"line":88,"column":0},"end":{"line":88,"column":7}},"88":{"start":{"line":89,"column":0},"end":{"line":89,"column":5}},"90":{"start":{"line":91,"column":0},"end":{"line":91,"column":34}},"91":{"start":{"line":92,"column":0},"end":{"line":92,"column":14}},"92":{"start":{"line":93,"column":0},"end":{"line":93,"column":25}},"93":{"start":{"line":94,"column":0},"end":{"line":94,"column":24}},"94":{"start":{"line":95,"column":0},"end":{"line":95,"column":45}},"95":{"start":{"line":96,"column":0},"end":{"line":96,"column":78}},"96":{"start":{"line":97,"column":0},"end":{"line":97,"column":7}},"97":{"start":{"line":98,"column":0},"end":{"line":98,"column":5}},"99":{"start":{"line":100,"column":0},"end":{"line":100,"column":12}},"100":{"start":{"line":101,"column":0},"end":{"line":101,"column":22}},"101":{"start":{"line":102,"column":0},"end":{"line":102,"column":20}},"102":{"start":{"line":103,"column":0},"end":{"line":103,"column":60}},"103":{"start":{"line":104,"column":0},"end":{"line":104,"column":5}},"104":{"start":{"line":105,"column":0},"end":{"line":105,"column":3}},"106":{"start":{"line":107,"column":0},"end":{"line":107,"column":65}},"107":{"start":{"line":108,"column":0},"end":{"line":108,"column":52}},"108":{"start":{"line":109,"column":0},"end":{"line":109,"column":14}},"109":{"start":{"line":110,"column":0},"end":{"line":110,"column":22}},"110":{"start":{"line":111,"column":0},"end":{"line":111,"column":22}},"111":{"start":{"line":112,"column":0},"end":{"line":112,"column":43}},"112":{"start":{"line":113,"column":0},"end":{"line":113,"column":89}},"113":{"start":{"line":114,"column":0},"end":{"line":114,"column":7}},"114":{"start":{"line":115,"column":0},"end":{"line":115,"column":5}},"116":{"start":{"line":117,"column":0},"end":{"line":117,"column":22}},"117":{"start":{"line":118,"column":0},"end":{"line":118,"column":43}},"118":{"start":{"line":119,"column":0},"end":{"line":119,"column":55}},"119":{"start":{"line":120,"column":0},"end":{"line":120,"column":43}},"121":{"start":{"line":122,"column":0},"end":{"line":122,"column":29}},"122":{"start":{"line":123,"column":0},"end":{"line":123,"column":14}},"123":{"start":{"line":124,"column":0},"end":{"line":124,"column":25}},"124":{"start":{"line":125,"column":0},"end":{"line":125,"column":24}},"125":{"start":{"line":126,"column":0},"end":{"line":126,"column":50}},"126":{"start":{"line":127,"column":0},"end":{"line":127,"column":83}},"127":{"start":{"line":128,"column":0},"end":{"line":128,"column":7}},"128":{"start":{"line":129,"column":0},"end":{"line":129,"column":5}},"130":{"start":{"line":131,"column":0},"end":{"line":131,"column":12}},"131":{"start":{"line":132,"column":0},"end":{"line":132,"column":22}},"132":{"start":{"line":133,"column":0},"end":{"line":133,"column":20}},"133":{"start":{"line":134,"column":0},"end":{"line":134,"column":53}},"134":{"start":{"line":135,"column":0},"end":{"line":135,"column":5}},"135":{"start":{"line":136,"column":0},"end":{"line":136,"column":3}},"137":{"start":{"line":138,"column":0},"end":{"line":138,"column":62}},"138":{"start":{"line":139,"column":0},"end":{"line":139,"column":17}},"139":{"start":{"line":140,"column":0},"end":{"line":140,"column":14}},"140":{"start":{"line":141,"column":0},"end":{"line":141,"column":25}},"141":{"start":{"line":142,"column":0},"end":{"line":142,"column":24}},"142":{"start":{"line":143,"column":0},"end":{"line":143,"column":36}},"143":{"start":{"line":144,"column":0},"end":{"line":144,"column":67}},"144":{"start":{"line":145,"column":0},"end":{"line":145,"column":7}},"145":{"start":{"line":146,"column":0},"end":{"line":146,"column":5}},"148":{"start":{"line":149,"column":0},"end":{"line":149,"column":72}},"149":{"start":{"line":150,"column":0},"end":{"line":150,"column":14}},"150":{"start":{"line":151,"column":0},"end":{"line":151,"column":25}},"151":{"start":{"line":152,"column":0},"end":{"line":152,"column":24}},"152":{"start":{"line":153,"column":0},"end":{"line":153,"column":47}},"153":{"start":{"line":154,"column":0},"end":{"line":154,"column":68}},"154":{"start":{"line":155,"column":0},"end":{"line":155,"column":7}},"155":{"start":{"line":156,"column":0},"end":{"line":156,"column":5}},"157":{"start":{"line":158,"column":0},"end":{"line":158,"column":12}},"158":{"start":{"line":159,"column":0},"end":{"line":159,"column":22}},"159":{"start":{"line":160,"column":0},"end":{"line":160,"column":20}},"160":{"start":{"line":161,"column":0},"end":{"line":161,"column":51}},"161":{"start":{"line":162,"column":0},"end":{"line":162,"column":5}},"162":{"start":{"line":163,"column":0},"end":{"line":163,"column":3}},"164":{"start":{"line":165,"column":0},"end":{"line":165,"column":100}},"165":{"start":{"line":166,"column":0},"end":{"line":166,"column":56}},"167":{"start":{"line":168,"column":0},"end":{"line":168,"column":33}},"168":{"start":{"line":169,"column":0},"end":{"line":169,"column":14}},"169":{"start":{"line":170,"column":0},"end":{"line":170,"column":25}},"170":{"start":{"line":171,"column":0},"end":{"line":171,"column":24}},"171":{"start":{"line":172,"column":0},"end":{"line":172,"column":45}},"172":{"start":{"line":173,"column":0},"end":{"line":173,"column":112}},"173":{"start":{"line":174,"column":0},"end":{"line":174,"column":7}},"174":{"start":{"line":175,"column":0},"end":{"line":175,"column":5}},"176":{"start":{"line":177,"column":0},"end":{"line":177,"column":23}},"177":{"start":{"line":178,"column":0},"end":{"line":178,"column":14}},"178":{"start":{"line":179,"column":0},"end":{"line":179,"column":24}},"179":{"start":{"line":180,"column":0},"end":{"line":180,"column":22}},"180":{"start":{"line":181,"column":0},"end":{"line":181,"column":42}},"181":{"start":{"line":182,"column":0},"end":{"line":182,"column":7}},"182":{"start":{"line":183,"column":0},"end":{"line":183,"column":5}},"184":{"start":{"line":185,"column":0},"end":{"line":185,"column":12}},"185":{"start":{"line":186,"column":0},"end":{"line":186,"column":22}},"186":{"start":{"line":187,"column":0},"end":{"line":187,"column":20}},"187":{"start":{"line":188,"column":0},"end":{"line":188,"column":74}},"188":{"start":{"line":189,"column":0},"end":{"line":189,"column":5}},"189":{"start":{"line":190,"column":0},"end":{"line":190,"column":3}},"191":{"start":{"line":192,"column":0},"end":{"line":192,"column":68}},"192":{"start":{"line":193,"column":0},"end":{"line":193,"column":21}},"193":{"start":{"line":194,"column":0},"end":{"line":194,"column":14}},"194":{"start":{"line":195,"column":0},"end":{"line":195,"column":25}},"195":{"start":{"line":196,"column":0},"end":{"line":196,"column":24}},"196":{"start":{"line":197,"column":0},"end":{"line":197,"column":41}},"197":{"start":{"line":198,"column":0},"end":{"line":198,"column":107}},"198":{"start":{"line":199,"column":0},"end":{"line":199,"column":7}},"199":{"start":{"line":200,"column":0},"end":{"line":200,"column":5}},"201":{"start":{"line":202,"column":0},"end":{"line":202,"column":12}},"202":{"start":{"line":203,"column":0},"end":{"line":203,"column":22}},"203":{"start":{"line":204,"column":0},"end":{"line":204,"column":20}},"204":{"start":{"line":205,"column":0},"end":{"line":205,"column":38}},"205":{"start":{"line":206,"column":0},"end":{"line":206,"column":5}},"206":{"start":{"line":207,"column":0},"end":{"line":207,"column":3}},"208":{"start":{"line":209,"column":0},"end":{"line":209,"column":62}},"209":{"start":{"line":210,"column":0},"end":{"line":210,"column":18}},"210":{"start":{"line":211,"column":0},"end":{"line":211,"column":14}},"211":{"start":{"line":212,"column":0},"end":{"line":212,"column":24}},"212":{"start":{"line":213,"column":0},"end":{"line":213,"column":22}},"213":{"start":{"line":214,"column":0},"end":{"line":214,"column":64}},"214":{"start":{"line":215,"column":0},"end":{"line":215,"column":7}},"215":{"start":{"line":216,"column":0},"end":{"line":216,"column":5}},"217":{"start":{"line":218,"column":0},"end":{"line":218,"column":37}},"218":{"start":{"line":219,"column":0},"end":{"line":219,"column":14}},"219":{"start":{"line":220,"column":0},"end":{"line":220,"column":25}},"220":{"start":{"line":221,"column":0},"end":{"line":221,"column":24}},"221":{"start":{"line":222,"column":0},"end":{"line":222,"column":42}},"222":{"start":{"line":223,"column":0},"end":{"line":223,"column":107}},"223":{"start":{"line":224,"column":0},"end":{"line":224,"column":7}},"224":{"start":{"line":225,"column":0},"end":{"line":225,"column":5}},"226":{"start":{"line":227,"column":0},"end":{"line":227,"column":12}},"227":{"start":{"line":228,"column":0},"end":{"line":228,"column":22}},"228":{"start":{"line":229,"column":0},"end":{"line":229,"column":20}},"229":{"start":{"line":230,"column":0},"end":{"line":230,"column":40}},"230":{"start":{"line":231,"column":0},"end":{"line":231,"column":5}},"231":{"start":{"line":232,"column":0},"end":{"line":232,"column":3}},"233":{"start":{"line":234,"column":0},"end":{"line":234,"column":85}},"234":{"start":{"line":235,"column":0},"end":{"line":235,"column":56}},"235":{"start":{"line":236,"column":0},"end":{"line":236,"column":62}},"237":{"start":{"line":238,"column":0},"end":{"line":238,"column":17}},"238":{"start":{"line":239,"column":0},"end":{"line":239,"column":14}},"239":{"start":{"line":240,"column":0},"end":{"line":240,"column":22}},"240":{"start":{"line":241,"column":0},"end":{"line":241,"column":22}},"241":{"start":{"line":242,"column":0},"end":{"line":242,"column":41}},"242":{"start":{"line":243,"column":0},"end":{"line":243,"column":68}},"243":{"start":{"line":244,"column":0},"end":{"line":244,"column":7}},"244":{"start":{"line":245,"column":0},"end":{"line":245,"column":5}},"246":{"start":{"line":247,"column":0},"end":{"line":247,"column":20}},"247":{"start":{"line":248,"column":0},"end":{"line":248,"column":14}},"248":{"start":{"line":249,"column":0},"end":{"line":249,"column":25}},"249":{"start":{"line":250,"column":0},"end":{"line":250,"column":24}},"250":{"start":{"line":251,"column":0},"end":{"line":251,"column":49}},"251":{"start":{"line":252,"column":0},"end":{"line":252,"column":70}},"252":{"start":{"line":253,"column":0},"end":{"line":253,"column":7}},"253":{"start":{"line":254,"column":0},"end":{"line":254,"column":5}},"255":{"start":{"line":256,"column":0},"end":{"line":256,"column":12}},"256":{"start":{"line":257,"column":0},"end":{"line":257,"column":22}},"257":{"start":{"line":258,"column":0},"end":{"line":258,"column":20}},"258":{"start":{"line":259,"column":0},"end":{"line":259,"column":34}},"259":{"start":{"line":260,"column":0},"end":{"line":260,"column":5}},"260":{"start":{"line":261,"column":0},"end":{"line":261,"column":3}},"262":{"start":{"line":263,"column":0},"end":{"line":263,"column":10}},"263":{"start":{"line":264,"column":0},"end":{"line":264,"column":23}},"264":{"start":{"line":265,"column":0},"end":{"line":265,"column":3}},"265":{"start":{"line":266,"column":0},"end":{"line":266,"column":1}}},"s":{"3":1,"5":1,"6":1,"8":23,"11":23,"14":23,"17":23,"20":23,"23":23,"26":23,"29":23,"30":23,"31":23,"33":23,"34":23,"35":23,"36":23,"37":23,"38":23,"39":23,"40":23,"41":23,"42":23,"43":23,"45":1,"46":23,"47":19,"48":19,"49":19,"50":19,"51":19,"52":19,"53":19,"55":23,"56":1,"57":1,"58":1,"59":1,"60":1,"61":1,"62":1,"64":3,"65":3,"66":3,"67":3,"68":3,"69":23,"71":1,"72":23,"73":18,"74":18,"75":18,"76":18,"77":18,"78":18,"79":18,"81":23,"82":1,"83":1,"84":1,"85":1,"86":1,"87":1,"88":1,"90":23,"91":1,"92":1,"93":1,"94":1,"95":1,"96":1,"97":1,"99":3,"100":3,"101":3,"102":3,"103":3,"104":23,"106":1,"107":23,"108":16,"109":16,"110":16,"111":16,"112":16,"113":16,"114":16,"116":7,"117":23,"118":23,"119":23,"121":23,"122":1,"123":1,"124":1,"125":1,"126":1,"127":1,"128":1,"130":6,"131":6,"132":6,"133":6,"134":6,"135":23,"137":1,"138":23,"139":17,"140":17,"141":17,"142":17,"143":17,"144":17,"145":17,"148":23,"149":1,"150":1,"151":1,"152":1,"153":1,"154":1,"155":1,"157":5,"158":5,"159":5,"160":5,"161":5,"162":23,"164":1,"165":23,"167":23,"168":6,"169":6,"170":6,"171":6,"172":6,"173":6,"174":6,"176":23,"177":2,"178":2,"179":2,"180":2,"181":2,"182":2,"184":15,"185":15,"186":15,"187":15,"188":15,"189":23,"191":1,"192":23,"193":21,"194":21,"195":21,"196":21,"197":21,"198":21,"199":21,"201":2,"202":2,"203":2,"204":2,"205":2,"206":23,"208":1,"209":23,"210":21,"211":21,"212":21,"213":21,"214":21,"215":21,"217":23,"218":1,"219":1,"220":1,"221":1,"222":1,"223":1,"224":1,"226":1,"227":1,"228":1,"229":1,"230":1,"231":23,"233":1,"234":23,"235":23,"237":23,"238":21,"239":21,"240":21,"241":21,"242":21,"243":21,"244":21,"246":23,"247":1,"248":1,"249":1,"250":1,"251":1,"252":1,"253":1,"255":1,"256":1,"257":1,"258":1,"259":1,"260":23,"262":1,"263":1,"264":1,"265":1},"branchMap":{"0":{"type":"branch","line":6,"loc":{"start":{"line":6,"column":30},"end":{"line":266,"column":1}},"locations":[{"start":{"line":6,"column":30},"end":{"line":266,"column":1}}]},"1":{"type":"branch","line":7,"loc":{"start":{"line":7,"column":30},"end":{"line":44,"column":3}},"locations":[{"start":{"line":7,"column":30},"end":{"line":44,"column":3}}]},"2":{"type":"branch","line":46,"loc":{"start":{"line":46,"column":21},"end":{"line":70,"column":3}},"locations":[{"start":{"line":46,"column":21},"end":{"line":70,"column":3}}]},"3":{"type":"branch","line":47,"loc":{"start":{"line":47,"column":16},"end":{"line":54,"column":5}},"locations":[{"start":{"line":47,"column":16},"end":{"line":54,"column":5}}]},"4":{"type":"branch","line":54,"loc":{"start":{"line":54,"column":4},"end":{"line":56,"column":44}},"locations":[{"start":{"line":54,"column":4},"end":{"line":56,"column":44}}]},"5":{"type":"branch","line":56,"loc":{"start":{"line":56,"column":44},"end":{"line":63,"column":5}},"locations":[{"start":{"line":56,"column":44},"end":{"line":63,"column":5}}]},"6":{"type":"branch","line":63,"loc":{"start":{"line":63,"column":4},"end":{"line":69,"column":5}},"locations":[{"start":{"line":63,"column":4},"end":{"line":69,"column":5}}]},"7":{"type":"branch","line":72,"loc":{"start":{"line":72,"column":27},"end":{"line":105,"column":3}},"locations":[{"start":{"line":72,"column":27},"end":{"line":105,"column":3}}]},"8":{"type":"branch","line":73,"loc":{"start":{"line":73,"column":22},"end":{"line":80,"column":5}},"locations":[{"start":{"line":73,"column":22},"end":{"line":80,"column":5}}]},"9":{"type":"branch","line":80,"loc":{"start":{"line":80,"column":4},"end":{"line":82,"column":56}},"locations":[{"start":{"line":80,"column":4},"end":{"line":82,"column":56}}]},"10":{"type":"branch","line":82,"loc":{"start":{"line":82,"column":56},"end":{"line":89,"column":5}},"locations":[{"start":{"line":82,"column":56},"end":{"line":89,"column":5}}]},"11":{"type":"branch","line":89,"loc":{"start":{"line":89,"column":4},"end":{"line":91,"column":33}},"locations":[{"start":{"line":89,"column":4},"end":{"line":91,"column":33}}]},"12":{"type":"branch","line":91,"loc":{"start":{"line":91,"column":33},"end":{"line":98,"column":5}},"locations":[{"start":{"line":91,"column":33},"end":{"line":98,"column":5}}]},"13":{"type":"branch","line":98,"loc":{"start":{"line":98,"column":4},"end":{"line":104,"column":5}},"locations":[{"start":{"line":98,"column":4},"end":{"line":104,"column":5}}]},"14":{"type":"branch","line":107,"loc":{"start":{"line":107,"column":22},"end":{"line":136,"column":3}},"locations":[{"start":{"line":107,"column":22},"end":{"line":136,"column":3}}]},"15":{"type":"branch","line":108,"loc":{"start":{"line":108,"column":12},"end":{"line":108,"column":40}},"locations":[{"start":{"line":108,"column":12},"end":{"line":108,"column":40}}]},"16":{"type":"branch","line":108,"loc":{"start":{"line":108,"column":25},"end":{"line":108,"column":51}},"locations":[{"start":{"line":108,"column":25},"end":{"line":108,"column":51}}]},"17":{"type":"branch","line":108,"loc":{"start":{"line":108,"column":51},"end":{"line":115,"column":5}},"locations":[{"start":{"line":108,"column":51},"end":{"line":115,"column":5}}]},"18":{"type":"branch","line":115,"loc":{"start":{"line":115,"column":4},"end":{"line":118,"column":27}},"locations":[{"start":{"line":115,"column":4},"end":{"line":118,"column":27}}]},"19":{"type":"branch","line":118,"loc":{"start":{"line":118,"column":19},"end":{"line":118,"column":43}},"locations":[{"start":{"line":118,"column":19},"end":{"line":118,"column":43}}]},"20":{"type":"branch","line":118,"loc":{"start":{"line":118,"column":42},"end":{"line":119,"column":33}},"locations":[{"start":{"line":118,"column":42},"end":{"line":119,"column":33}}]},"21":{"type":"branch","line":119,"loc":{"start":{"line":119,"column":25},"end":{"line":119,"column":55}},"locations":[{"start":{"line":119,"column":25},"end":{"line":119,"column":55}}]},"22":{"type":"branch","line":119,"loc":{"start":{"line":119,"column":54},"end":{"line":120,"column":27}},"locations":[{"start":{"line":119,"column":54},"end":{"line":120,"column":27}}]},"23":{"type":"branch","line":120,"loc":{"start":{"line":120,"column":19},"end":{"line":120,"column":43}},"locations":[{"start":{"line":120,"column":19},"end":{"line":120,"column":43}}]},"24":{"type":"branch","line":120,"loc":{"start":{"line":120,"column":42},"end":{"line":122,"column":28}},"locations":[{"start":{"line":120,"column":42},"end":{"line":122,"column":28}}]},"25":{"type":"branch","line":122,"loc":{"start":{"line":122,"column":28},"end":{"line":129,"column":5}},"locations":[{"start":{"line":122,"column":28},"end":{"line":129,"column":5}}]},"26":{"type":"branch","line":129,"loc":{"start":{"line":129,"column":4},"end":{"line":135,"column":5}},"locations":[{"start":{"line":129,"column":4},"end":{"line":135,"column":5}}]},"27":{"type":"branch","line":138,"loc":{"start":{"line":138,"column":23},"end":{"line":163,"column":3}},"locations":[{"start":{"line":138,"column":23},"end":{"line":163,"column":3}}]},"28":{"type":"branch","line":139,"loc":{"start":{"line":139,"column":16},"end":{"line":146,"column":5}},"locations":[{"start":{"line":139,"column":16},"end":{"line":146,"column":5}}]},"29":{"type":"branch","line":146,"loc":{"start":{"line":146,"column":4},"end":{"line":149,"column":71}},"locations":[{"start":{"line":146,"column":4},"end":{"line":149,"column":71}}]},"30":{"type":"branch","line":149,"loc":{"start":{"line":149,"column":71},"end":{"line":156,"column":5}},"locations":[{"start":{"line":149,"column":71},"end":{"line":156,"column":5}}]},"31":{"type":"branch","line":156,"loc":{"start":{"line":156,"column":4},"end":{"line":162,"column":5}},"locations":[{"start":{"line":156,"column":4},"end":{"line":162,"column":5}}]},"32":{"type":"branch","line":165,"loc":{"start":{"line":165,"column":27},"end":{"line":190,"column":3}},"locations":[{"start":{"line":165,"column":27},"end":{"line":190,"column":3}}]},"33":{"type":"branch","line":166,"loc":{"start":{"line":166,"column":21},"end":{"line":166,"column":48}},"locations":[{"start":{"line":166,"column":21},"end":{"line":166,"column":48}}]},"34":{"type":"branch","line":166,"loc":{"start":{"line":166,"column":33},"end":{"line":166,"column":56}},"locations":[{"start":{"line":166,"column":33},"end":{"line":166,"column":56}}]},"35":{"type":"branch","line":168,"loc":{"start":{"line":168,"column":17},"end":{"line":168,"column":32}},"locations":[{"start":{"line":168,"column":17},"end":{"line":168,"column":32}}]},"36":{"type":"branch","line":168,"loc":{"start":{"line":168,"column":32},"end":{"line":175,"column":5}},"locations":[{"start":{"line":168,"column":32},"end":{"line":175,"column":5}}]},"37":{"type":"branch","line":175,"loc":{"start":{"line":175,"column":4},"end":{"line":177,"column":22}},"locations":[{"start":{"line":175,"column":4},"end":{"line":177,"column":22}}]},"38":{"type":"branch","line":177,"loc":{"start":{"line":177,"column":22},"end":{"line":183,"column":5}},"locations":[{"start":{"line":177,"column":22},"end":{"line":183,"column":5}}]},"39":{"type":"branch","line":183,"loc":{"start":{"line":183,"column":4},"end":{"line":189,"column":5}},"locations":[{"start":{"line":183,"column":4},"end":{"line":189,"column":5}}]},"40":{"type":"branch","line":192,"loc":{"start":{"line":192,"column":25},"end":{"line":207,"column":3}},"locations":[{"start":{"line":192,"column":25},"end":{"line":207,"column":3}}]},"41":{"type":"branch","line":193,"loc":{"start":{"line":193,"column":20},"end":{"line":200,"column":5}},"locations":[{"start":{"line":193,"column":20},"end":{"line":200,"column":5}}]},"42":{"type":"branch","line":200,"loc":{"start":{"line":200,"column":4},"end":{"line":206,"column":5}},"locations":[{"start":{"line":200,"column":4},"end":{"line":206,"column":5}}]},"43":{"type":"branch","line":209,"loc":{"start":{"line":209,"column":22},"end":{"line":232,"column":3}},"locations":[{"start":{"line":209,"column":22},"end":{"line":232,"column":3}}]},"44":{"type":"branch","line":210,"loc":{"start":{"line":210,"column":17},"end":{"line":216,"column":5}},"locations":[{"start":{"line":210,"column":17},"end":{"line":216,"column":5}}]},"45":{"type":"branch","line":216,"loc":{"start":{"line":216,"column":4},"end":{"line":218,"column":36}},"locations":[{"start":{"line":216,"column":4},"end":{"line":218,"column":36}}]},"46":{"type":"branch","line":218,"loc":{"start":{"line":218,"column":36},"end":{"line":231,"column":5}},"locations":[{"start":{"line":218,"column":36},"end":{"line":231,"column":5}}]},"47":{"type":"branch","line":234,"loc":{"start":{"line":234,"column":33},"end":{"line":261,"column":3}},"locations":[{"start":{"line":234,"column":33},"end":{"line":261,"column":3}}]},"48":{"type":"branch","line":238,"loc":{"start":{"line":238,"column":16},"end":{"line":245,"column":5}},"locations":[{"start":{"line":238,"column":16},"end":{"line":245,"column":5}}]},"49":{"type":"branch","line":245,"loc":{"start":{"line":245,"column":4},"end":{"line":247,"column":19}},"locations":[{"start":{"line":245,"column":4},"end":{"line":247,"column":19}}]},"50":{"type":"branch","line":247,"loc":{"start":{"line":247,"column":19},"end":{"line":260,"column":5}},"locations":[{"start":{"line":247,"column":19},"end":{"line":260,"column":5}}]},"51":{"type":"branch","line":235,"loc":{"start":{"line":235,"column":32},"end":{"line":235,"column":55}},"locations":[{"start":{"line":235,"column":32},"end":{"line":235,"column":55}}]},"52":{"type":"branch","line":236,"loc":{"start":{"line":236,"column":35},"end":{"line":236,"column":61}},"locations":[{"start":{"line":236,"column":35},"end":{"line":236,"column":61}}]}},"b":{"0":[1],"1":[23],"2":[23],"3":[19],"4":[4],"5":[1],"6":[3],"7":[23],"8":[18],"9":[5],"10":[1],"11":[4],"12":[1],"13":[3],"14":[23],"15":[16],"16":[16],"17":[16],"18":[7],"19":[0],"20":[7],"21":[1],"22":[7],"23":[1],"24":[7],"25":[1],"26":[6],"27":[23],"28":[17],"29":[6],"30":[1],"31":[5],"32":[23],"33":[16],"34":[16],"35":[21],"36":[6],"37":[17],"38":[2],"39":[15],"40":[23],"41":[21],"42":[2],"43":[23],"44":[21],"45":[2],"46":[1],"47":[23],"48":[21],"49":[2],"50":[1],"51":[37],"52":[91]},"fnMap":{"0":{"name":"useDiagnostics","decl":{"start":{"line":6,"column":30},"end":{"line":266,"column":1}},"loc":{"start":{"line":6,"column":30},"end":{"line":266,"column":1}},"line":6},"1":{"name":"generateDiagnostics","decl":{"start":{"line":7,"column":30},"end":{"line":44,"column":3}},"loc":{"start":{"line":7,"column":30},"end":{"line":44,"column":3}},"line":7},"2":{"name":"checkTitle","decl":{"start":{"line":46,"column":21},"end":{"line":70,"column":3}},"loc":{"start":{"line":46,"column":21},"end":{"line":70,"column":3}},"line":46},"3":{"name":"checkDescription","decl":{"start":{"line":72,"column":27},"end":{"line":105,"column":3}},"loc":{"start":{"line":72,"column":27},"end":{"line":105,"column":3}},"line":72},"4":{"name":"checkOGTags","decl":{"start":{"line":107,"column":22},"end":{"line":136,"column":3}},"loc":{"start":{"line":107,"column":22},"end":{"line":136,"column":3}},"line":107},"5":{"name":"checkOGImage","decl":{"start":{"line":138,"column":23},"end":{"line":163,"column":3}},"loc":{"start":{"line":138,"column":23},"end":{"line":163,"column":3}},"line":138},"6":{"name":"checkTwitterCard","decl":{"start":{"line":165,"column":27},"end":{"line":190,"column":3}},"loc":{"start":{"line":165,"column":27},"end":{"line":190,"column":3}},"line":165},"7":{"name":"checkCanonical","decl":{"start":{"line":192,"column":25},"end":{"line":207,"column":3}},"loc":{"start":{"line":192,"column":25},"end":{"line":207,"column":3}},"line":192},"8":{"name":"checkRobots","decl":{"start":{"line":209,"column":22},"end":{"line":232,"column":3}},"loc":{"start":{"line":209,"column":22},"end":{"line":232,"column":3}},"line":209},"9":{"name":"determineOverallStatus","decl":{"start":{"line":234,"column":33},"end":{"line":261,"column":3}},"loc":{"start":{"line":234,"column":33},"end":{"line":261,"column":3}},"line":234}},"f":{"0":1,"1":23,"2":23,"3":23,"4":23,"5":23,"6":23,"7":23,"8":23,"9":23}}
,"/Volumes/satechi/webdev/icjia-metapeek/app/composables/useMetaParser.ts": {"path":"/Volumes/satechi/webdev/icjia-metapeek/app/composables/useMetaParser.ts","all":false,"statementMap":{"4":{"start":{"line":5,"column":0},"end":{"line":5,"column":36}},"5":{"start":{"line":6,"column":0},"end":{"line":6,"column":53}},"7":{"start":{"line":8,"column":0},"end":{"line":8,"column":34}},"8":{"start":{"line":9,"column":0},"end":{"line":9,"column":57}},"11":{"start":{"line":12,"column":0},"end":{"line":12,"column":63}},"12":{"start":{"line":13,"column":0},"end":{"line":13,"column":49}},"13":{"start":{"line":14,"column":0},"end":{"line":14,"column":58}},"14":{"start":{"line":15,"column":0},"end":{"line":15,"column":5}},"17":{"start":{"line":18,"column":0},"end":{"line":18,"column":70}},"20":{"start":{"line":21,"column":0},"end":{"line":21,"column":59}},"21":{"start":{"line":22,"column":0},"end":{"line":22,"column":53}},"22":{"start":{"line":23,"column":0},"end":{"line":23,"column":49}},"23":{"start":{"line":24,"column":0},"end":{"line":24,"column":58}},"26":{"start":{"line":27,"column":0},"end":{"line":27,"column":68}},"27":{"start":{"line":28,"column":0},"end":{"line":28,"column":70}},"30":{"start":{"line":31,"column":0},"end":{"line":31,"column":88}},"31":{"start":{"line":32,"column":0},"end":{"line":32,"column":66}},"34":{"start":{"line":35,"column":0},"end":{"line":35,"column":16}},"35":{"start":{"line":36,"column":0},"end":{"line":36,"column":50}},"36":{"start":{"line":37,"column":0},"end":{"line":37,"column":62}},"37":{"start":{"line":38,"column":0},"end":{"line":38,"column":48}},"38":{"start":{"line":39,"column":0},"end":{"line":39,"column":46}},"39":{"start":{"line":40,"column":0},"end":{"line":40,"column":50}},"40":{"start":{"line":41,"column":0},"end":{"line":41,"column":57}},"41":{"start":{"line":42,"column":0},"end":{"line":42,"column":57}},"42":{"start":{"line":43,"column":0},"end":{"line":43,"column":52}},"43":{"start":{"line":44,"column":0},"end":{"line":44,"column":5}},"46":{"start":{"line":47,"column":0},"end":{"line":47,"column":21}},"47":{"start":{"line":48,"column":0},"end":{"line":48,"column":49}},"48":{"start":{"line":49,"column":0},"end":{"line":49,"column":49}},"49":{"start":{"line":50,"column":0},"end":{"line":50,"column":55}},"50":{"start":{"line":51,"column":0},"end":{"line":51,"column":51}},"51":{"start":{"line":52,"column":0},"end":{"line":52,"column":63}},"52":{"start":{"line":53,"column":0},"end":{"line":53,"column":51}},"53":{"start":{"line":54,"column":0},"end":{"line":54,"column":58}},"54":{"start":{"line":55,"column":0},"end":{"line":55,"column":5}},"57":{"start":{"line":58,"column":0},"end":{"line":58,"column":57}},"58":{"start":{"line":59,"column":0},"end":{"line":59,"column":84}},"60":{"start":{"line":61,"column":0},"end":{"line":61,"column":37}},"61":{"start":{"line":62,"column":0},"end":{"line":62,"column":11}},"62":{"start":{"line":63,"column":0},"end":{"line":63,"column":57}},"63":{"start":{"line":64,"column":0},"end":{"line":64,"column":33}},"64":{"start":{"line":65,"column":0},"end":{"line":65,"column":19}},"66":{"start":{"line":67,"column":0},"end":{"line":67,"column":49}},"67":{"start":{"line":68,"column":0},"end":{"line":68,"column":7}},"68":{"start":{"line":69,"column":0},"end":{"line":69,"column":6}},"70":{"start":{"line":71,"column":0},"end":{"line":71,"column":12}},"71":{"start":{"line":72,"column":0},"end":{"line":72,"column":12}},"72":{"start":{"line":73,"column":0},"end":{"line":73,"column":18}},"73":{"start":{"line":74,"column":0},"end":{"line":74,"column":15}},"74":{"start":{"line":75,"column":0},"end":{"line":75,"column":13}},"75":{"start":{"line":76,"column":0},"end":{"line":76,"column":16}},"76":{"start":{"line":77,"column":0},"end":{"line":77,"column":14}},"77":{"start":{"line":78,"column":0},"end":{"line":78,"column":17}},"78":{"start":{"line":79,"column":0},"end":{"line":79,"column":9}},"79":{"start":{"line":80,"column":0},"end":{"line":80,"column":14}},"80":{"start":{"line":81,"column":0},"end":{"line":81,"column":20}},"81":{"start":{"line":82,"column":0},"end":{"line":82,"column":5}},"82":{"start":{"line":83,"column":0},"end":{"line":83,"column":3}},"84":{"start":{"line":85,"column":0},"end":{"line":85,"column":10}},"85":{"start":{"line":86,"column":0},"end":{"line":86,"column":17}},"86":{"start":{"line":87,"column":0},"end":{"line":87,"column":3}},"87":{"start":{"line":88,"column":0},"end":{"line":88,"column":1}}},"s":{"4":1,"5":1,"7":28,"8":28,"11":28,"12":532,"13":532,"14":532,"17":28,"20":28,"21":28,"22":28,"23":28,"26":28,"27":28,"30":28,"31":28,"34":28,"35":28,"36":28,"37":28,"38":28,"39":28,"40":28,"41":28,"42":28,"43":28,"46":28,"47":28,"48":28,"49":28,"50":28,"51":28,"52":28,"53":28,"54":28,"57":28,"58":28,"60":28,"61":4,"62":4,"63":4,"64":4,"66":1,"67":1,"68":28,"70":28,"71":28,"72":28,"73":28,"74":28,"75":28,"76":28,"77":28,"78":28,"79":28,"80":28,"81":28,"82":28,"84":1,"85":1,"86":1,"87":1},"branchMap":{"0":{"type":"branch","line":5,"loc":{"start":{"line":5,"column":29},"end":{"line":88,"column":1}},"locations":[{"start":{"line":5,"column":29},"end":{"line":88,"column":1}}]},"1":{"type":"branch","line":6,"loc":{"start":{"line":6,"column":24},"end":{"line":83,"column":3}},"locations":[{"start":{"line":6,"column":24},"end":{"line":83,"column":3}}]},"2":{"type":"branch","line":18,"loc":{"start":{"line":18,"column":43},"end":{"line":18,"column":61}},"locations":[{"start":{"line":18,"column":43},"end":{"line":18,"column":61}}]},"3":{"type":"branch","line":18,"loc":{"start":{"line":18,"column":46},"end":{"line":18,"column":70}},"locations":[{"start":{"line":18,"column":46},"end":{"line":18,"column":70}}]},"4":{"type":"branch","line":28,"loc":{"start":{"line":28,"column":22},"end":{"line":28,"column":50}},"locations":[{"start":{"line":28,"column":22},"end":{"line":28,"column":50}}]},"5":{"type":"branch","line":28,"loc":{"start":{"line":28,"column":56},"end":{"line":28,"column":70}},"locations":[{"start":{"line":28,"column":56},"end":{"line":28,"column":70}}]},"6":{"type":"branch","line":32,"loc":{"start":{"line":32,"column":20},"end":{"line":32,"column":46}},"locations":[{"start":{"line":32,"column":20},"end":{"line":32,"column":46}}]},"7":{"type":"branch","line":32,"loc":{"start":{"line":32,"column":52},"end":{"line":32,"column":66}},"locations":[{"start":{"line":32,"column":52},"end":{"line":32,"column":66}}]},"8":{"type":"branch","line":12,"loc":{"start":{"line":12,"column":20},"end":{"line":15,"column":5}},"locations":[{"start":{"line":12,"column":20},"end":{"line":15,"column":5}}]},"9":{"type":"branch","line":14,"loc":{"start":{"line":14,"column":13},"end":{"line":14,"column":35}},"locations":[{"start":{"line":14,"column":13},"end":{"line":14,"column":35}}]},"10":{"type":"branch","line":14,"loc":{"start":{"line":14,"column":44},"end":{"line":14,"column":58}},"locations":[{"start":{"line":14,"column":44},"end":{"line":14,"column":58}}]},"11":{"type":"branch","line":61,"loc":{"start":{"line":61,"column":26},"end":{"line":69,"column":5}},"locations":[{"start":{"line":61,"column":26},"end":{"line":69,"column":5}}]},"12":{"type":"branch","line":63,"loc":{"start":{"line":63,"column":39},"end":{"line":63,"column":56}},"locations":[{"start":{"line":63,"column":39},"end":{"line":63,"column":56}}]},"13":{"type":"branch","line":65,"loc":{"start":{"line":65,"column":6},"end":{"line":68,"column":7}},"locations":[{"start":{"line":65,"column":6},"end":{"line":68,"column":7}}]}},"b":{"0":[1],"1":[28],"2":[2],"3":[26],"4":[2],"5":[26],"6":[3],"7":[25],"8":[532],"9":[26],"10":[506],"11":[4],"12":[0],"13":[1]},"fnMap":{"0":{"name":"useMetaParser","decl":{"start":{"line":5,"column":29},"end":{"line":88,"column":1}},"loc":{"start":{"line":5,"column":29},"end":{"line":88,"column":1}},"line":5},"1":{"name":"parseMetaTags","decl":{"start":{"line":6,"column":24},"end":{"line":83,"column":3}},"loc":{"start":{"line":6,"column":24},"end":{"line":83,"column":3}},"line":6},"2":{"name":"getMeta","decl":{"start":{"line":12,"column":20},"end":{"line":15,"column":5}},"loc":{"start":{"line":12,"column":20},"end":{"line":15,"column":5}},"line":12}},"f":{"0":1,"1":28,"2":532}}
,"/Volumes/satechi/webdev/icjia-metapeek/app/utils/constants.ts": {"path":"/Volumes/satechi/webdev/icjia-metapeek/app/utils/constants.ts","all":false,"statementMap":{"3":{"start":{"line":4,"column":0},"end":{"line":4,"column":23}},"4":{"start":{"line":5,"column":0},"end":{"line":5,"column":19}},"5":{"start":{"line":6,"column":0},"end":{"line":6,"column":26}},"6":{"start":{"line":7,"column":0},"end":{"line":7,"column":15}},"7":{"start":{"line":8,"column":0},"end":{"line":8,"column":22}},"8":{"start":{"line":9,"column":0},"end":{"line":9,"column":20}},"9":{"start":{"line":10,"column":0},"end":{"line":10,"column":27}},"10":{"start":{"line":11,"column":0},"end":{"line":11,"column":22}},"11":{"start":{"line":12,"column":0},"end":{"line":12,"column":28}},"12":{"start":{"line":13,"column":0},"end":{"line":13,"column":10}},"15":{"start":{"line":16,"column":0},"end":{"line":16,"column":28}},"16":{"start":{"line":17,"column":0},"end":{"line":17,"column":13}},"17":{"start":{"line":18,"column":0},"end":{"line":18,"column":46}},"18":{"start":{"line":19,"column":0},"end":{"line":19,"column":37}},"19":{"start":{"line":20,"column":0},"end":{"line":20,"column":22}},"20":{"start":{"line":21,"column":0},"end":{"line":21,"column":4}},"21":{"start":{"line":22,"column":0},"end":{"line":22,"column":18}},"22":{"start":{"line":23,"column":0},"end":{"line":23,"column":46}},"23":{"start":{"line":24,"column":0},"end":{"line":24,"column":37}},"24":{"start":{"line":25,"column":0},"end":{"line":25,"column":19}},"25":{"start":{"line":26,"column":0},"end":{"line":26,"column":4}},"26":{"start":{"line":27,"column":0},"end":{"line":27,"column":20}},"27":{"start":{"line":28,"column":0},"end":{"line":28,"column":45}},"28":{"start":{"line":29,"column":0},"end":{"line":29,"column":37}},"29":{"start":{"line":30,"column":0},"end":{"line":30,"column":19}},"30":{"start":{"line":31,"column":0},"end":{"line":31,"column":4}},"31":{"start":{"line":32,"column":0},"end":{"line":32,"column":13}},"32":{"start":{"line":33,"column":0},"end":{"line":33,"column":46}},"33":{"start":{"line":34,"column":0},"end":{"line":34,"column":37}},"34":{"start":{"line":35,"column":0},"end":{"line":35,"column":22}},"35":{"start":{"line":36,"column":0},"end":{"line":36,"column":4}},"36":{"start":{"line":37,"column":0},"end":{"line":37,"column":10}},"39":{"start":{"line":40,"column":0},"end":{"line":40,"column":30}},"40":{"start":{"line":41,"column":0},"end":{"line":41,"column":10}},"41":{"start":{"line":42,"column":0},"end":{"line":42,"column":16}},"42":{"start":{"line":43,"column":0},"end":{"line":43,"column":13}},"43":{"start":{"line":44,"column":0},"end":{"line":44,"column":19}},"44":{"start":{"line":45,"column":0},"end":{"line":45,"column":13}},"45":{"start":{"line":46,"column":0},"end":{"line":46,"column":10}}},"s":{"3":1,"4":1,"5":1,"6":1,"7":1,"8":1,"9":1,"10":1,"11":1,"12":1,"15":1,"16":1,"17":1,"18":1,"19":1,"20":1,"21":1,"22":1,"23":1,"24":1,"25":1,"26":1,"27":1,"28":1,"29":1,"30":1,"31":1,"32":1,"33":1,"34":1,"35":1,"36":1,"39":1,"40":1,"41":1,"42":1,"43":1,"44":1,"45":1},"branchMap":{},"b":{},"fnMap":{},"f":{}}
,"/Volumes/satechi/webdev/icjia-metapeek/app/utils/tagDefaults.ts": {"path":"/Volumes/satechi/webdev/icjia-metapeek/app/utils/tagDefaults.ts","all":true,"statementMap":{"7":{"start":{"line":8,"column":0},"end":{"line":8,"column":81}},"8":{"start":{"line":9,"column":0},"end":{"line":9,"column":28}},"11":{"start":{"line":12,"column":0},"end":{"line":12,"column":64}},"12":{"start":{"line":13,"column":0},"end":{"line":13,"column":51}},"15":{"start":{"line":16,"column":0},"end":{"line":16,"column":99}},"16":{"start":{"line":17,"column":0},"end":{"line":17,"column":78}},"19":{"start":{"line":20,"column":0},"end":{"line":20,"column":84}},"22":{"start":{"line":23,"column":0},"end":{"line":23,"column":36}},"23":{"start":{"line":24,"column":0},"end":{"line":24,"column":96}},"24":{"start":{"line":25,"column":0},"end":{"line":25,"column":3}},"27":{"start":{"line":28,"column":0},"end":{"line":28,"column":21}},"28":{"start":{"line":29,"column":0},"end":{"line":29,"column":70}},"29":{"start":{"line":30,"column":0},"end":{"line":30,"column":3}},"32":{"start":{"line":33,"column":0},"end":{"line":33,"column":16}},"33":{"start":{"line":34,"column":0},"end":{"line":34,"column":46}},"34":{"start":{"line":35,"column":0},"end":{"line":35,"column":80}},"36":{"start":{"line":37,"column":0},"end":{"line":37,"column":33}},"37":{"start":{"line":38,"column":0},"end":{"line":38,"column":98}},"38":{"start":{"line":39,"column":0},"end":{"line":39,"column":3}},"40":{"start":{"line":41,"column":0},"end":{"line":41,"column":90}},"41":{"start":{"line":42,"column":0},"end":{"line":42,"column":108}},"43":{"start":{"line":44,"column":0},"end":{"line":44,"column":22}},"44":{"start":{"line":45,"column":0},"end":{"line":45,"column":83}},"45":{"start":{"line":46,"column":0},"end":{"line":46,"column":27}},"46":{"start":{"line":47,"column":0},"end":{"line":47,"column":92}},"47":{"start":{"line":48,"column":0},"end":{"line":48,"column":5}},"48":{"start":{"line":49,"column":0},"end":{"line":49,"column":3}},"50":{"start":{"line":51,"column":0},"end":{"line":51,"column":25}},"51":{"start":{"line":52,"column":0},"end":{"line":52,"column":90}},"52":{"start":{"line":53,"column":0},"end":{"line":53,"column":3}},"55":{"start":{"line":56,"column":0},"end":{"line":56,"column":16}},"56":{"start":{"line":57,"column":0},"end":{"line":57,"column":32}},"57":{"start":{"line":58,"column":0},"end":{"line":58,"column":98}},"59":{"start":{"line":60,"column":0},"end":{"line":60,"column":26}},"60":{"start":{"line":61,"column":0},"end":{"line":61,"column":87}},"61":{"start":{"line":62,"column":0},"end":{"line":62,"column":3}},"63":{"start":{"line":64,"column":0},"end":{"line":64,"column":29}},"64":{"start":{"line":65,"column":0},"end":{"line":65,"column":93}},"65":{"start":{"line":66,"column":0},"end":{"line":66,"column":3}},"67":{"start":{"line":68,"column":0},"end":{"line":68,"column":113}},"68":{"start":{"line":69,"column":0},"end":{"line":69,"column":137}},"70":{"start":{"line":71,"column":0},"end":{"line":71,"column":44}},"71":{"start":{"line":72,"column":0},"end":{"line":72,"column":112}},"72":{"start":{"line":73,"column":0},"end":{"line":73,"column":52}},"73":{"start":{"line":74,"column":0},"end":{"line":74,"column":124}},"74":{"start":{"line":75,"column":0},"end":{"line":75,"column":5}},"75":{"start":{"line":76,"column":0},"end":{"line":76,"column":3}},"77":{"start":{"line":78,"column":0},"end":{"line":78,"column":25}},"78":{"start":{"line":79,"column":0},"end":{"line":79,"column":1}},"83":{"start":{"line":84,"column":0},"end":{"line":84,"column":43}},"84":{"start":{"line":85,"column":0},"end":{"line":85,"column":39}},"85":{"start":{"line":86,"column":0},"end":{"line":86,"column":17}},"86":{"start":{"line":87,"column":0},"end":{"line":87,"column":16}},"87":{"start":{"line":88,"column":0},"end":{"line":88,"column":16}},"88":{"start":{"line":89,"column":0},"end":{"line":89,"column":18}},"89":{"start":{"line":90,"column":0},"end":{"line":90,"column":17}},"90":{"start":{"line":91,"column":0},"end":{"line":91,"column":3}},"91":{"start":{"line":92,"column":0},"end":{"line":92,"column":62}},"92":{"start":{"line":93,"column":0},"end":{"line":93,"column":1}}},"s":{"7":0,"8":0,"11":0,"12":0,"15":0,"16":0,"19":0,"22":0,"23":0,"24":0,"27":0,"28":0,"29":0,"32":0,"33":0,"34":0,"36":0,"37":0,"38":0,"40":0,"41":0,"43":0,"44":0,"45":0,"46":0,"47":0,"48":0,"50":0,"51":0,"52":0,"55":0,"56":0,"57":0,"59":0,"60":0,"61":0,"63":0,"64":0,"65":0,"67":0,"68":0,"70":0,"71":0,"72":0,"73":0,"74":0,"75":0,"77":0,"78":0,"83":0,"84":0,"85":0,"86":0,"87":0,"88":0,"89":0,"90":0,"91":0,"92":0},"branchMap":{"0":{"type":"branch","line":1,"loc":{"start":{"line":1,"column":3188},"end":{"line":93,"column":1}},"locations":[{"start":{"line":1,"column":3188},"end":{"line":93,"column":1}}]}},"b":{"0":[1]},"fnMap":{"0":{"name":"(empty-report)","decl":{"start":{"line":1,"column":3188},"end":{"line":93,"column":1}},"loc":{"start":{"line":1,"column":3188},"end":{"line":93,"column":1}},"line":1}},"f":{"0":1}}
}
